[0.044s] DEBUG:colcon:Command line arguments: ['/usr/bin/colcon', 'build']
[0.044s] DEBUG:colcon:Parsed command line arguments: Namespace(log_base=None, log_level=None, verb_name='build', build_base='build', install_base='install', merge_install=False, symlink_install=False, test_result_base=None, continue_on_error=False, executor='parallel', parallel_workers=32, event_handlers=None, ignore_user_meta=False, metas=['./colcon.meta'], base_paths=['.'], packages_ignore=None, packages_ignore_regex=None, paths=None, packages_up_to=None, packages_up_to_regex=None, packages_above=None, packages_above_and_dependencies=None, packages_above_depth=None, packages_select_by_dep=None, packages_skip_by_dep=None, packages_skip_up_to=None, packages_select_build_failed=False, packages_skip_build_finished=False, packages_select_test_failures=False, packages_skip_test_passed=False, packages_select=None, packages_skip=None, packages_select_regex=None, packages_skip_regex=None, packages_start=None, packages_end=None, allow_overriding=[], cmake_args=None, cmake_target=None, cmake_target_skip_unavailable=False, cmake_clean_cache=False, cmake_clean_first=False, cmake_force_configure=False, ament_cmake_args=None, catkin_cmake_args=None, catkin_skip_building_tests=False, mixin_files=None, mixin=None, verb_parser=<colcon_mixin.mixin.mixin_argument.MixinArgumentDecorator object at 0x71399685f850>, verb_extension=<colcon_core.verb.build.BuildVerb object at 0x71399685f2b0>, main=<bound method BuildVerb.main of <colcon_core.verb.build.BuildVerb object at 0x71399685f2b0>>, mixin_verb=('build',))
[0.060s] Level 1:colcon.colcon_core.package_discovery:discover_packages(colcon_meta) check parameters
[0.060s] Level 1:colcon.colcon_core.package_discovery:discover_packages(recursive) check parameters
[0.060s] Level 1:colcon.colcon_core.package_discovery:discover_packages(ignore) check parameters
[0.060s] Level 1:colcon.colcon_core.package_discovery:discover_packages(path) check parameters
[0.060s] Level 1:colcon.colcon_core.package_discovery:discover_packages(colcon_meta) discover
[0.060s] Level 1:colcon.colcon_core.package_discovery:discover_packages(recursive) discover
[0.060s] INFO:colcon.colcon_core.package_discovery:Crawling recursively for packages in '/home/lee/workspace/vrpn_mocap'
[0.060s] Level 1:colcon.colcon_core.package_identification:_identify(.) by extensions ['ignore', 'ignore_ament_install']
[0.060s] Level 1:colcon.colcon_core.package_identification:_identify(.) by extension 'ignore'
[0.060s] Level 1:colcon.colcon_core.package_identification:_identify(.) by extension 'ignore_ament_install'
[0.060s] Level 1:colcon.colcon_core.package_identification:_identify(.) by extensions ['colcon_pkg']
[0.060s] Level 1:colcon.colcon_core.package_identification:_identify(.) by extension 'colcon_pkg'
[0.060s] Level 1:colcon.colcon_core.package_identification:_identify(.) by extensions ['colcon_meta']
[0.061s] Level 1:colcon.colcon_core.package_identification:_identify(.) by extension 'colcon_meta'
[0.061s] Level 1:colcon.colcon_core.package_identification:_identify(.) by extensions ['ros']
[0.061s] Level 1:colcon.colcon_core.package_identification:_identify(.) by extension 'ros'
[0.068s] DEBUG:colcon.colcon_core.package_identification:Package '.' with type 'ros.ament_cmake' and name 'vrpn_mocap'
[0.068s] Level 1:colcon.colcon_core.package_discovery:discover_packages(recursive) using defaults
[0.068s] Level 1:colcon.colcon_core.package_discovery:discover_packages(ignore) discover
[0.068s] Level 1:colcon.colcon_core.package_discovery:discover_packages(ignore) using defaults
[0.068s] Level 1:colcon.colcon_core.package_discovery:discover_packages(path) discover
[0.068s] Level 1:colcon.colcon_core.package_discovery:discover_packages(path) using defaults
[0.077s] Level 1:colcon.colcon_core.package_discovery:discover_packages(prefix_path) check parameters
[0.077s] Level 1:colcon.colcon_core.package_discovery:discover_packages(prefix_path) discover
[0.077s] DEBUG:colcon.colcon_installed_package_information.package_discovery:Found 303 installed packages in /opt/ros/humble
[0.078s] Level 1:colcon.colcon_core.package_discovery:discover_packages(prefix_path) using defaults
[0.094s] Level 5:colcon.colcon_core.verb:set package 'vrpn_mocap' build argument 'cmake_args' from command line to 'None'
[0.094s] Level 5:colcon.colcon_core.verb:set package 'vrpn_mocap' build argument 'cmake_target' from command line to 'None'
[0.094s] Level 5:colcon.colcon_core.verb:set package 'vrpn_mocap' build argument 'cmake_target_skip_unavailable' from command line to 'False'
[0.094s] Level 5:colcon.colcon_core.verb:set package 'vrpn_mocap' build argument 'cmake_clean_cache' from command line to 'False'
[0.094s] Level 5:colcon.colcon_core.verb:set package 'vrpn_mocap' build argument 'cmake_clean_first' from command line to 'False'
[0.094s] Level 5:colcon.colcon_core.verb:set package 'vrpn_mocap' build argument 'cmake_force_configure' from command line to 'False'
[0.094s] Level 5:colcon.colcon_core.verb:set package 'vrpn_mocap' build argument 'ament_cmake_args' from command line to 'None'
[0.094s] Level 5:colcon.colcon_core.verb:set package 'vrpn_mocap' build argument 'catkin_cmake_args' from command line to 'None'
[0.094s] Level 5:colcon.colcon_core.verb:set package 'vrpn_mocap' build argument 'catkin_skip_building_tests' from command line to 'False'
[0.094s] DEBUG:colcon.colcon_core.verb:Building package 'vrpn_mocap' with the following arguments: {'ament_cmake_args': None, 'build_base': '/home/lee/workspace/vrpn_mocap/build/vrpn_mocap', 'catkin_cmake_args': None, 'catkin_skip_building_tests': False, 'cmake_args': None, 'cmake_clean_cache': False, 'cmake_clean_first': False, 'cmake_force_configure': False, 'cmake_target': None, 'cmake_target_skip_unavailable': False, 'install_base': '/home/lee/workspace/vrpn_mocap/install/vrpn_mocap', 'merge_install': False, 'path': '/home/lee/workspace/vrpn_mocap', 'symlink_install': False, 'test_result_base': None}
[0.094s] INFO:colcon.colcon_core.executor:Executing jobs using 'parallel' executor
[0.094s] DEBUG:colcon.colcon_parallel_executor.executor.parallel:run_until_complete
[0.094s] INFO:colcon.colcon_ros.task.ament_cmake.build:Building ROS package in '/home/lee/workspace/vrpn_mocap' with build type 'ament_cmake'
[0.095s] INFO:colcon.colcon_cmake.task.cmake.build:Building CMake package in '/home/lee/workspace/vrpn_mocap'
[0.095s] INFO:colcon.colcon_core.plugin_system:Skipping extension 'colcon_core.shell.bat': Not used on non-Windows systems
[0.095s] INFO:colcon.colcon_core.shell:Skip shell extension 'powershell' for command environment: Not usable outside of PowerShell
[0.095s] DEBUG:colcon.colcon_core.shell:Skip shell extension 'dsv' for command environment
[0.098s] DEBUG:colcon.colcon_core.event_handler.log_command:Invoking command in '/home/lee/workspace/vrpn_mocap/build/vrpn_mocap': CMAKE_PREFIX_PATH=/opt/ros/humble /usr/bin/cmake /home/lee/workspace/vrpn_mocap -DCMAKE_INSTALL_PREFIX=/home/lee/workspace/vrpn_mocap/install/vrpn_mocap
[0.753s] DEBUG:colcon.colcon_core.event_handler.log_command:Invoked command in '/home/lee/workspace/vrpn_mocap/build/vrpn_mocap' returned '0': CMAKE_PREFIX_PATH=/opt/ros/humble /usr/bin/cmake /home/lee/workspace/vrpn_mocap -DCMAKE_INSTALL_PREFIX=/home/lee/workspace/vrpn_mocap/install/vrpn_mocap
[0.754s] DEBUG:colcon.colcon_core.event_handler.log_command:Invoking command in '/home/lee/workspace/vrpn_mocap/build/vrpn_mocap': CMAKE_PREFIX_PATH=/opt/ros/humble /usr/bin/cmake --build /home/lee/workspace/vrpn_mocap/build/vrpn_mocap -- -j32 -l32
[5.584s] DEBUG:colcon.colcon_core.event_handler.log_command:Invoked command in '/home/lee/workspace/vrpn_mocap/build/vrpn_mocap' returned '0': CMAKE_PREFIX_PATH=/opt/ros/humble /usr/bin/cmake --build /home/lee/workspace/vrpn_mocap/build/vrpn_mocap -- -j32 -l32
[5.589s] DEBUG:colcon.colcon_core.event_handler.log_command:Invoking command in '/home/lee/workspace/vrpn_mocap/build/vrpn_mocap': CMAKE_PREFIX_PATH=/opt/ros/humble /usr/bin/cmake --install /home/lee/workspace/vrpn_mocap/build/vrpn_mocap
[5.597s] Level 1:colcon.colcon_core.environment:create_environment_scripts_only(vrpn_mocap)
[5.597s] DEBUG:colcon.colcon_core.event_handler.log_command:Invoked command in '/home/lee/workspace/vrpn_mocap/build/vrpn_mocap' returned '0': CMAKE_PREFIX_PATH=/opt/ros/humble /usr/bin/cmake --install /home/lee/workspace/vrpn_mocap/build/vrpn_mocap
[5.599s] Level 1:colcon.colcon_core.environment:checking '/home/lee/workspace/vrpn_mocap/install/vrpn_mocap' for CMake module files
[5.599s] Level 1:colcon.colcon_core.environment:checking '/home/lee/workspace/vrpn_mocap/install/vrpn_mocap' for CMake config files
[5.599s] Level 1:colcon.colcon_core.shell:create_environment_hook('vrpn_mocap', 'cmake_prefix_path')
[5.599s] INFO:colcon.colcon_core.shell:Creating environment hook '/home/lee/workspace/vrpn_mocap/install/vrpn_mocap/share/vrpn_mocap/hook/cmake_prefix_path.ps1'
[5.600s] INFO:colcon.colcon_core.shell:Creating environment descriptor '/home/lee/workspace/vrpn_mocap/install/vrpn_mocap/share/vrpn_mocap/hook/cmake_prefix_path.dsv'
[5.600s] INFO:colcon.colcon_core.shell:Creating environment hook '/home/lee/workspace/vrpn_mocap/install/vrpn_mocap/share/vrpn_mocap/hook/cmake_prefix_path.sh'
[5.600s] Level 1:colcon.colcon_core.environment:checking '/home/lee/workspace/vrpn_mocap/install/vrpn_mocap/lib'
[5.600s] Level 1:colcon.colcon_core.environment:checking '/home/lee/workspace/vrpn_mocap/install/vrpn_mocap/bin'
[5.600s] Level 1:colcon.colcon_core.environment:checking '/home/lee/workspace/vrpn_mocap/install/vrpn_mocap/lib/pkgconfig/vrpn_mocap.pc'
[5.600s] Level 1:colcon.colcon_core.environment:checking '/home/lee/workspace/vrpn_mocap/install/vrpn_mocap/lib/python3.10/site-packages'
[5.600s] Level 1:colcon.colcon_core.environment:checking '/home/lee/workspace/vrpn_mocap/install/vrpn_mocap/bin'
[5.600s] INFO:colcon.colcon_core.shell:Creating package script '/home/lee/workspace/vrpn_mocap/install/vrpn_mocap/share/vrpn_mocap/package.ps1'
[5.601s] INFO:colcon.colcon_core.shell:Creating package descriptor '/home/lee/workspace/vrpn_mocap/install/vrpn_mocap/share/vrpn_mocap/package.dsv'
[5.601s] INFO:colcon.colcon_core.shell:Creating package script '/home/lee/workspace/vrpn_mocap/install/vrpn_mocap/share/vrpn_mocap/package.sh'
[5.601s] INFO:colcon.colcon_core.shell:Creating package script '/home/lee/workspace/vrpn_mocap/install/vrpn_mocap/share/vrpn_mocap/package.bash'
[5.601s] INFO:colcon.colcon_core.shell:Creating package script '/home/lee/workspace/vrpn_mocap/install/vrpn_mocap/share/vrpn_mocap/package.zsh'
[5.602s] Level 1:colcon.colcon_core.environment:create_file_with_runtime_dependencies(/home/lee/workspace/vrpn_mocap/install/vrpn_mocap/share/colcon-core/packages/vrpn_mocap)
[5.602s] Level 1:colcon.colcon_core.environment:create_environment_scripts_only(vrpn_mocap)
[5.602s] Level 1:colcon.colcon_core.environment:checking '/home/lee/workspace/vrpn_mocap/install/vrpn_mocap' for CMake module files
[5.602s] Level 1:colcon.colcon_core.environment:checking '/home/lee/workspace/vrpn_mocap/install/vrpn_mocap' for CMake config files
[5.602s] Level 1:colcon.colcon_core.shell:create_environment_hook('vrpn_mocap', 'cmake_prefix_path')
[5.602s] INFO:colcon.colcon_core.shell:Creating environment hook '/home/lee/workspace/vrpn_mocap/install/vrpn_mocap/share/vrpn_mocap/hook/cmake_prefix_path.ps1'
[5.602s] INFO:colcon.colcon_core.shell:Creating environment descriptor '/home/lee/workspace/vrpn_mocap/install/vrpn_mocap/share/vrpn_mocap/hook/cmake_prefix_path.dsv'
[5.603s] INFO:colcon.colcon_core.shell:Creating environment hook '/home/lee/workspace/vrpn_mocap/install/vrpn_mocap/share/vrpn_mocap/hook/cmake_prefix_path.sh'
[5.603s] Level 1:colcon.colcon_core.environment:checking '/home/lee/workspace/vrpn_mocap/install/vrpn_mocap/lib'
[5.603s] Level 1:colcon.colcon_core.environment:checking '/home/lee/workspace/vrpn_mocap/install/vrpn_mocap/bin'
[5.603s] Level 1:colcon.colcon_core.environment:checking '/home/lee/workspace/vrpn_mocap/install/vrpn_mocap/lib/pkgconfig/vrpn_mocap.pc'
[5.603s] Level 1:colcon.colcon_core.environment:checking '/home/lee/workspace/vrpn_mocap/install/vrpn_mocap/lib/python3.10/site-packages'
[5.603s] Level 1:colcon.colcon_core.environment:checking '/home/lee/workspace/vrpn_mocap/install/vrpn_mocap/bin'
[5.603s] INFO:colcon.colcon_core.shell:Creating package script '/home/lee/workspace/vrpn_mocap/install/vrpn_mocap/share/vrpn_mocap/package.ps1'
[5.603s] INFO:colcon.colcon_core.shell:Creating package descriptor '/home/lee/workspace/vrpn_mocap/install/vrpn_mocap/share/vrpn_mocap/package.dsv'
[5.603s] INFO:colcon.colcon_core.shell:Creating package script '/home/lee/workspace/vrpn_mocap/install/vrpn_mocap/share/vrpn_mocap/package.sh'
[5.604s] INFO:colcon.colcon_core.shell:Creating package script '/home/lee/workspace/vrpn_mocap/install/vrpn_mocap/share/vrpn_mocap/package.bash'
[5.604s] INFO:colcon.colcon_core.shell:Creating package script '/home/lee/workspace/vrpn_mocap/install/vrpn_mocap/share/vrpn_mocap/package.zsh'
[5.604s] Level 1:colcon.colcon_core.environment:create_file_with_runtime_dependencies(/home/lee/workspace/vrpn_mocap/install/vrpn_mocap/share/colcon-core/packages/vrpn_mocap)
[5.604s] DEBUG:colcon.colcon_parallel_executor.executor.parallel:closing loop
[5.604s] DEBUG:colcon.colcon_parallel_executor.executor.parallel:loop closed
[5.604s] DEBUG:colcon.colcon_parallel_executor.executor.parallel:run_until_complete finished with '0'
[5.604s] DEBUG:colcon.colcon_core.event_reactor:joining thread
[5.606s] INFO:colcon.colcon_core.plugin_system:Skipping extension 'colcon_notification.desktop_notification.terminal_notifier': Not used on non-Darwin systems
[5.606s] INFO:colcon.colcon_core.plugin_system:Skipping extension 'colcon_notification.desktop_notification.win32': Not used on non-Windows systems
[5.606s] INFO:colcon.colcon_notification.desktop_notification:Sending desktop notification using 'notify2'
[5.611s] DEBUG:colcon.colcon_core.event_reactor:joined thread
[5.611s] INFO:colcon.colcon_core.shell:Creating prefix script '/home/lee/workspace/vrpn_mocap/install/local_setup.ps1'
[5.612s] INFO:colcon.colcon_core.shell:Creating prefix util module '/home/lee/workspace/vrpn_mocap/install/_local_setup_util_ps1.py'
[5.612s] INFO:colcon.colcon_core.shell:Creating prefix chain script '/home/lee/workspace/vrpn_mocap/install/setup.ps1'
[5.613s] INFO:colcon.colcon_core.shell:Creating prefix script '/home/lee/workspace/vrpn_mocap/install/local_setup.sh'
[5.613s] INFO:colcon.colcon_core.shell:Creating prefix util module '/home/lee/workspace/vrpn_mocap/install/_local_setup_util_sh.py'
[5.613s] INFO:colcon.colcon_core.shell:Creating prefix chain script '/home/lee/workspace/vrpn_mocap/install/setup.sh'
[5.613s] INFO:colcon.colcon_core.shell:Creating prefix script '/home/lee/workspace/vrpn_mocap/install/local_setup.bash'
[5.613s] INFO:colcon.colcon_core.shell:Creating prefix chain script '/home/lee/workspace/vrpn_mocap/install/setup.bash'
[5.614s] INFO:colcon.colcon_core.shell:Creating prefix script '/home/lee/workspace/vrpn_mocap/install/local_setup.zsh'
[5.614s] INFO:colcon.colcon_core.shell:Creating prefix chain script '/home/lee/workspace/vrpn_mocap/install/setup.zsh'
