-- Found ament_cmake: 1.3.11 (/opt/ros/humble/share/ament_cmake/cmake)
-- Override CMake install command with custom implementation using symlinks instead of copying resources
-- Found rclcpp: 16.0.12 (/opt/ros/humble/share/rclcpp/cmake)
-- Found rosidl_generator_c: 3.1.6 (/opt/ros/humble/share/rosidl_generator_c/cmake)
-- Found rosidl_adapter: 3.1.6 (/opt/ros/humble/share/rosidl_adapter/cmake)
-- Found rosidl_generator_cpp: 3.1.6 (/opt/ros/humble/share/rosidl_generator_cpp/cmake)
-- Using all available rosidl_typesupport_c: rosidl_typesupport_fastrtps_c;rosidl_typesupport_introspection_c
-- Using all available rosidl_typesupport_cpp: rosidl_typesupport_fastrtps_cpp;rosidl_typesupport_introspection_cpp
-- Found rmw_implementation_cmake: 6.1.2 (/opt/ros/humble/share/rmw_implementation_cmake/cmake)
-- Found rmw_fastrtps_cpp: 6.2.7 (/opt/ros/humble/share/rmw_fastrtps_cpp/cmake)
-- Using RMW implementation 'rmw_fastrtps_cpp' as default
-- Found geometry_msgs: 4.9.0 (/opt/ros/humble/share/geometry_msgs/cmake)
-- Found eigen3_cmake_module: 0.1.1 (/opt/ros/humble/share/eigen3_cmake_module/cmake)
-- Found ament_lint_auto: 0.12.12 (/opt/ros/humble/share/ament_lint_auto/cmake)
-- Added test 'copyright' to check source files copyright and LICENSE
-- Added test 'cppcheck' to perform static code analysis on C / C++ code
-- Configured cppcheck include dirs: /opt/ros/humble/include/rclcpp;/opt/ros/humble/include/rclcpp;$<BUILD_INTERFACE:/home/lee/workspace/vrpn/vrpn_mocap/include>
-- Configured cppcheck exclude dirs and/or files: 
-- Added test 'cpplint' to check C / C++ code against the Google style
-- Configured cpplint exclude dirs and/or files: 
-- Added test 'flake8' to check Python code syntax and style conventions
-- Added test 'lint_cmake' to check CMake code style
-- Added test 'pep257' to check Python code against some of the docstring style conventions in PEP 257
-- Added test 'uncrustify' to check C / C++ code style
-- Configured uncrustify additional arguments: 
-- Added test 'xmllint' to check XML markup files
-- Configuring done
-- Generating done
-- Build files have been written to: /home/lee/workspace/vrpn/build/vrpn_mocap
[35m[1mConsolidate compiler generated dependencies of target vrpn_mocap[0m
[ 60%] Built target vrpn_mocap
[35m[1mConsolidate compiler generated dependencies of target client_node[0m
[100%] Built target client_node
-- Install configuration: ""
-- Execute custom install script
-- Up-to-date symlink: /home/lee/workspace/vrpn/install/vrpn_mocap/lib/vrpn_mocap/libvrpn_mocap.a
-- Up-to-date symlink: /home/lee/workspace/vrpn/install/vrpn_mocap/lib/vrpn_mocap/client_node
-- Up-to-date symlink: /home/lee/workspace/vrpn/install/vrpn_mocap/share/vrpn_mocap/launch/client.launch.yaml
-- Up-to-date symlink: /home/lee/workspace/vrpn/install/vrpn_mocap/share/vrpn_mocap/config/client.yaml
-- Up-to-date symlink: /home/lee/workspace/vrpn/install/vrpn_mocap/share/ament_index/resource_index/package_run_dependencies/vrpn_mocap
-- Up-to-date symlink: /home/lee/workspace/vrpn/install/vrpn_mocap/share/ament_index/resource_index/parent_prefix_path/vrpn_mocap
-- Up-to-date symlink: /home/lee/workspace/vrpn/install/vrpn_mocap/share/vrpn_mocap/environment/ament_prefix_path.sh
-- Up-to-date symlink: /home/lee/workspace/vrpn/install/vrpn_mocap/share/vrpn_mocap/environment/ament_prefix_path.dsv
-- Up-to-date symlink: /home/lee/workspace/vrpn/install/vrpn_mocap/share/vrpn_mocap/environment/path.sh
-- Up-to-date symlink: /home/lee/workspace/vrpn/install/vrpn_mocap/share/vrpn_mocap/environment/path.dsv
-- Up-to-date symlink: /home/lee/workspace/vrpn/install/vrpn_mocap/share/vrpn_mocap/local_setup.bash
-- Up-to-date symlink: /home/lee/workspace/vrpn/install/vrpn_mocap/share/vrpn_mocap/local_setup.sh
-- Up-to-date symlink: /home/lee/workspace/vrpn/install/vrpn_mocap/share/vrpn_mocap/local_setup.zsh
-- Up-to-date symlink: /home/lee/workspace/vrpn/install/vrpn_mocap/share/vrpn_mocap/local_setup.dsv
-- Symlinking: /home/lee/workspace/vrpn/install/vrpn_mocap/share/vrpn_mocap/package.dsv
-- Up-to-date symlink: /home/lee/workspace/vrpn/install/vrpn_mocap/share/ament_index/resource_index/packages/vrpn_mocap
-- Up-to-date symlink: /home/lee/workspace/vrpn/install/vrpn_mocap/share/vrpn_mocap/cmake/vrpn_mocapConfig.cmake
-- Up-to-date symlink: /home/lee/workspace/vrpn/install/vrpn_mocap/share/vrpn_mocap/cmake/vrpn_mocapConfig-version.cmake
-- Up-to-date symlink: /home/lee/workspace/vrpn/install/vrpn_mocap/share/vrpn_mocap/package.xml
