[0.006s] Invoking command in '/home/lee/workspace/vrpn/build/vrpn_mocap': CMAKE_PREFIX_PATH=${CMAKE_PREFIX_PATH}:/opt/ros/humble /usr/bin/cmake /home/lee/workspace/vrpn/vrpn_mocap -DCMAKE_INSTALL_PREFIX=/home/lee/workspace/vrpn/install/vrpn_mocap
[0.012s] -- Found ament_cmake: 1.3.11 (/opt/ros/humble/share/ament_cmake/cmake)
[0.072s] -- Override CMake install command with custom implementation using symlinks instead of copying resources
[0.082s] -- Found rclcpp: 16.0.12 (/opt/ros/humble/share/rclcpp/cmake)
[0.091s] -- Found rosidl_generator_c: 3.1.6 (/opt/ros/humble/share/rosidl_generator_c/cmake)
[0.092s] -- Found rosidl_adapter: 3.1.6 (/opt/ros/humble/share/rosidl_adapter/cmake)
[0.094s] -- Found rosidl_generator_cpp: 3.1.6 (/opt/ros/humble/share/rosidl_generator_cpp/cmake)
[0.098s] -- Using all available rosidl_typesupport_c: rosidl_typesupport_fastrtps_c;rosidl_typesupport_introspection_c
[0.103s] -- Using all available rosidl_typesupport_cpp: rosidl_typesupport_fastrtps_cpp;rosidl_typesupport_introspection_cpp
[0.117s] -- Found rmw_implementation_cmake: 6.1.2 (/opt/ros/humble/share/rmw_implementation_cmake/cmake)
[0.117s] -- Found rmw_fastrtps_cpp: 6.2.7 (/opt/ros/humble/share/rmw_fastrtps_cpp/cmake)
[0.168s] -- Using RMW implementation 'rmw_fastrtps_cpp' as default
[0.191s] -- Found geometry_msgs: 4.9.0 (/opt/ros/humble/share/geometry_msgs/cmake)
[0.196s] -- Found eigen3_cmake_module: 0.1.1 (/opt/ros/humble/share/eigen3_cmake_module/cmake)
[0.198s] -- Found ament_lint_auto: 0.12.12 (/opt/ros/humble/share/ament_lint_auto/cmake)
[0.231s] -- Added test 'copyright' to check source files copyright and LICENSE
[0.234s] -- Added test 'cppcheck' to perform static code analysis on C / C++ code
[0.234s] -- Configured cppcheck include dirs: /opt/ros/humble/include/rclcpp;/opt/ros/humble/include/rclcpp;$<BUILD_INTERFACE:/home/lee/workspace/vrpn/vrpn_mocap/include>
[0.234s] -- Configured cppcheck exclude dirs and/or files: 
[0.237s] -- Added test 'cpplint' to check C / C++ code against the Google style
[0.237s] -- Configured cpplint exclude dirs and/or files: 
[0.237s] -- Added test 'flake8' to check Python code syntax and style conventions
[0.238s] -- Added test 'lint_cmake' to check CMake code style
[0.239s] -- Added test 'pep257' to check Python code against some of the docstring style conventions in PEP 257
[0.242s] -- Added test 'uncrustify' to check C / C++ code style
[0.242s] -- Configured uncrustify additional arguments: 
[0.242s] -- Added test 'xmllint' to check XML markup files
[0.242s] -- Configuring done
[0.247s] -- Generating done
[0.249s] -- Build files have been written to: /home/lee/workspace/vrpn/build/vrpn_mocap
[0.253s] Invoked command in '/home/lee/workspace/vrpn/build/vrpn_mocap' returned '0': CMAKE_PREFIX_PATH=${CMAKE_PREFIX_PATH}:/opt/ros/humble /usr/bin/cmake /home/lee/workspace/vrpn/vrpn_mocap -DCMAKE_INSTALL_PREFIX=/home/lee/workspace/vrpn/install/vrpn_mocap
[0.254s] Invoking command in '/home/lee/workspace/vrpn/build/vrpn_mocap': CMAKE_PREFIX_PATH=${CMAKE_PREFIX_PATH}:/opt/ros/humble /usr/bin/cmake --build /home/lee/workspace/vrpn/build/vrpn_mocap -- -j32 -l32
[0.280s] [35m[1mConsolidate compiler generated dependencies of target vrpn_mocap[0m
[0.291s] [ 60%] Built target vrpn_mocap
[0.297s] [35m[1mConsolidate compiler generated dependencies of target client_node[0m
[0.307s] [100%] Built target client_node
[0.313s] Invoked command in '/home/lee/workspace/vrpn/build/vrpn_mocap' returned '0': CMAKE_PREFIX_PATH=${CMAKE_PREFIX_PATH}:/opt/ros/humble /usr/bin/cmake --build /home/lee/workspace/vrpn/build/vrpn_mocap -- -j32 -l32
[0.319s] Invoking command in '/home/lee/workspace/vrpn/build/vrpn_mocap': CMAKE_PREFIX_PATH=${CMAKE_PREFIX_PATH}:/opt/ros/humble /usr/bin/cmake --install /home/lee/workspace/vrpn/build/vrpn_mocap
[0.322s] -- Install configuration: ""
[0.322s] -- Execute custom install script
[0.323s] -- Up-to-date symlink: /home/lee/workspace/vrpn/install/vrpn_mocap/lib/vrpn_mocap/libvrpn_mocap.a
[0.323s] -- Up-to-date symlink: /home/lee/workspace/vrpn/install/vrpn_mocap/lib/vrpn_mocap/client_node
[0.323s] -- Up-to-date symlink: /home/lee/workspace/vrpn/install/vrpn_mocap/share/vrpn_mocap/launch/client.launch.yaml
[0.323s] -- Up-to-date symlink: /home/lee/workspace/vrpn/install/vrpn_mocap/share/vrpn_mocap/config/client.yaml
[0.323s] -- Up-to-date symlink: /home/lee/workspace/vrpn/install/vrpn_mocap/share/ament_index/resource_index/package_run_dependencies/vrpn_mocap
[0.323s] -- Up-to-date symlink: /home/lee/workspace/vrpn/install/vrpn_mocap/share/ament_index/resource_index/parent_prefix_path/vrpn_mocap
[0.323s] -- Up-to-date symlink: /home/lee/workspace/vrpn/install/vrpn_mocap/share/vrpn_mocap/environment/ament_prefix_path.sh
[0.323s] -- Up-to-date symlink: /home/lee/workspace/vrpn/install/vrpn_mocap/share/vrpn_mocap/environment/ament_prefix_path.dsv
[0.323s] -- Up-to-date symlink: /home/lee/workspace/vrpn/install/vrpn_mocap/share/vrpn_mocap/environment/path.sh
[0.323s] -- Up-to-date symlink: /home/lee/workspace/vrpn/install/vrpn_mocap/share/vrpn_mocap/environment/path.dsv
[0.323s] -- Up-to-date symlink: /home/lee/workspace/vrpn/install/vrpn_mocap/share/vrpn_mocap/local_setup.bash
[0.323s] -- Up-to-date symlink: /home/lee/workspace/vrpn/install/vrpn_mocap/share/vrpn_mocap/local_setup.sh
[0.323s] -- Up-to-date symlink: /home/lee/workspace/vrpn/install/vrpn_mocap/share/vrpn_mocap/local_setup.zsh
[0.323s] -- Up-to-date symlink: /home/lee/workspace/vrpn/install/vrpn_mocap/share/vrpn_mocap/local_setup.dsv
[0.324s] -- Symlinking: /home/lee/workspace/vrpn/install/vrpn_mocap/share/vrpn_mocap/package.dsv
[0.328s] -- Up-to-date symlink: /home/lee/workspace/vrpn/install/vrpn_mocap/share/ament_index/resource_index/packages/vrpn_mocap
[0.328s] -- Up-to-date symlink: /home/lee/workspace/vrpn/install/vrpn_mocap/share/vrpn_mocap/cmake/vrpn_mocapConfig.cmake
[0.328s] -- Up-to-date symlink: /home/lee/workspace/vrpn/install/vrpn_mocap/share/vrpn_mocap/cmake/vrpn_mocapConfig-version.cmake
[0.328s] -- Up-to-date symlink: /home/lee/workspace/vrpn/install/vrpn_mocap/share/vrpn_mocap/package.xml
[0.329s] Invoked command in '/home/lee/workspace/vrpn/build/vrpn_mocap' returned '0': CMAKE_PREFIX_PATH=${CMAKE_PREFIX_PATH}:/opt/ros/humble /usr/bin/cmake --install /home/lee/workspace/vrpn/build/vrpn_mocap
