[0.005s] Invoking command in '/home/lee/workspace/vrpn/build/mocap_px4_bridge': AMENT_PREFIX_PATH=/home/lee/workspace/vrpn/install/px4_msgs:${AMENT_PREFIX_PATH} CMAKE_PREFIX_PATH=/home/lee/workspace/vrpn/install/px4_msgs:/home/lee/workspace/ros2_ex/install/sensor:/home/lee/workspace/ros2_ex/install/ground:/home/lee/workspace/ros2_ex/install/MAV1:/home/lee/workspace/ros2_ex/install/px4_msgs:/opt/ros/humble LD_LIBRARY_PATH=/home/lee/workspace/vrpn/install/px4_msgs/lib:${LD_LIBRARY_PATH} PYTHONPATH=/home/lee/workspace/vrpn/install/px4_msgs/local/lib/python3.10/dist-packages:${PYTHONPATH} /usr/bin/cmake --build /home/lee/workspace/vrpn/build/mocap_px4_bridge -- -j32 -l32
[0.029s] [35m[1mConsolidate compiler generated dependencies of target mocap_px4_bridge[0m
[0.037s] [ 50%] [32mBuilding CXX object CMakeFiles/mocap_px4_bridge.dir/src/mocap_px4_bridge.cpp.o[0m
[3.479s] [100%] [32m[1mLinking CXX executable mocap_px4_bridge[0m
[3.655s] [100%] Built target mocap_px4_bridge
[4.203s] Invoked command in '/home/lee/workspace/vrpn/build/mocap_px4_bridge' returned '0': AMENT_PREFIX_PATH=/home/lee/workspace/vrpn/install/px4_msgs:${AMENT_PREFIX_PATH} CMAKE_PREFIX_PATH=/home/lee/workspace/vrpn/install/px4_msgs:/home/lee/workspace/ros2_ex/install/sensor:/home/lee/workspace/ros2_ex/install/ground:/home/lee/workspace/ros2_ex/install/MAV1:/home/lee/workspace/ros2_ex/install/px4_msgs:/opt/ros/humble LD_LIBRARY_PATH=/home/lee/workspace/vrpn/install/px4_msgs/lib:${LD_LIBRARY_PATH} PYTHONPATH=/home/lee/workspace/vrpn/install/px4_msgs/local/lib/python3.10/dist-packages:${PYTHONPATH} /usr/bin/cmake --build /home/lee/workspace/vrpn/build/mocap_px4_bridge -- -j32 -l32
[4.204s] Invoking command in '/home/lee/workspace/vrpn/build/mocap_px4_bridge': AMENT_PREFIX_PATH=/home/lee/workspace/vrpn/install/px4_msgs:${AMENT_PREFIX_PATH} CMAKE_PREFIX_PATH=/home/lee/workspace/vrpn/install/px4_msgs:/home/lee/workspace/ros2_ex/install/sensor:/home/lee/workspace/ros2_ex/install/ground:/home/lee/workspace/ros2_ex/install/MAV1:/home/lee/workspace/ros2_ex/install/px4_msgs:/opt/ros/humble LD_LIBRARY_PATH=/home/lee/workspace/vrpn/install/px4_msgs/lib:${LD_LIBRARY_PATH} PYTHONPATH=/home/lee/workspace/vrpn/install/px4_msgs/local/lib/python3.10/dist-packages:${PYTHONPATH} /usr/bin/cmake --install /home/lee/workspace/vrpn/build/mocap_px4_bridge
[4.207s] -- Install configuration: ""
[4.207s] -- Execute custom install script
[4.208s] -- Up-to-date symlink: /home/lee/workspace/vrpn/install/mocap_px4_bridge/lib/mocap_px4_bridge/mocap_px4_bridge
[4.208s] -- Up-to-date symlink: /home/lee/workspace/vrpn/install/mocap_px4_bridge/share/mocap_px4_bridge//launch/run.launch.py
[4.208s] -- Up-to-date symlink: /home/lee/workspace/vrpn/install/mocap_px4_bridge/share/mocap_px4_bridge//config/params.yaml
[4.208s] -- Up-to-date symlink: /home/lee/workspace/vrpn/install/mocap_px4_bridge/share/ament_index/resource_index/package_run_dependencies/mocap_px4_bridge
[4.208s] -- Up-to-date symlink: /home/lee/workspace/vrpn/install/mocap_px4_bridge/share/ament_index/resource_index/parent_prefix_path/mocap_px4_bridge
[4.208s] -- Up-to-date symlink: /home/lee/workspace/vrpn/install/mocap_px4_bridge/share/mocap_px4_bridge/environment/ament_prefix_path.sh
[4.208s] -- Up-to-date symlink: /home/lee/workspace/vrpn/install/mocap_px4_bridge/share/mocap_px4_bridge/environment/ament_prefix_path.dsv
[4.208s] -- Up-to-date symlink: /home/lee/workspace/vrpn/install/mocap_px4_bridge/share/mocap_px4_bridge/environment/path.sh
[4.208s] -- Up-to-date symlink: /home/lee/workspace/vrpn/install/mocap_px4_bridge/share/mocap_px4_bridge/environment/path.dsv
[4.208s] -- Up-to-date symlink: /home/lee/workspace/vrpn/install/mocap_px4_bridge/share/mocap_px4_bridge/local_setup.bash
[4.208s] -- Up-to-date symlink: /home/lee/workspace/vrpn/install/mocap_px4_bridge/share/mocap_px4_bridge/local_setup.sh
[4.208s] -- Up-to-date symlink: /home/lee/workspace/vrpn/install/mocap_px4_bridge/share/mocap_px4_bridge/local_setup.zsh
[4.209s] -- Up-to-date symlink: /home/lee/workspace/vrpn/install/mocap_px4_bridge/share/mocap_px4_bridge/local_setup.dsv
[4.209s] -- Symlinking: /home/lee/workspace/vrpn/install/mocap_px4_bridge/share/mocap_px4_bridge/package.dsv
[4.213s] -- Up-to-date symlink: /home/lee/workspace/vrpn/install/mocap_px4_bridge/share/ament_index/resource_index/packages/mocap_px4_bridge
[4.213s] -- Up-to-date symlink: /home/lee/workspace/vrpn/install/mocap_px4_bridge/share/mocap_px4_bridge/cmake/mocap_px4_bridgeConfig.cmake
[4.213s] -- Up-to-date symlink: /home/lee/workspace/vrpn/install/mocap_px4_bridge/share/mocap_px4_bridge/cmake/mocap_px4_bridgeConfig-version.cmake
[4.213s] -- Up-to-date symlink: /home/lee/workspace/vrpn/install/mocap_px4_bridge/share/mocap_px4_bridge/package.xml
[4.214s] Invoked command in '/home/lee/workspace/vrpn/build/mocap_px4_bridge' returned '0': AMENT_PREFIX_PATH=/home/lee/workspace/vrpn/install/px4_msgs:${AMENT_PREFIX_PATH} CMAKE_PREFIX_PATH=/home/lee/workspace/vrpn/install/px4_msgs:/home/lee/workspace/ros2_ex/install/sensor:/home/lee/workspace/ros2_ex/install/ground:/home/lee/workspace/ros2_ex/install/MAV1:/home/lee/workspace/ros2_ex/install/px4_msgs:/opt/ros/humble LD_LIBRARY_PATH=/home/lee/workspace/vrpn/install/px4_msgs/lib:${LD_LIBRARY_PATH} PYTHONPATH=/home/lee/workspace/vrpn/install/px4_msgs/local/lib/python3.10/dist-packages:${PYTHONPATH} /usr/bin/cmake --install /home/lee/workspace/vrpn/build/mocap_px4_bridge
