[0.006s] Invoking command in '/home/lee/workspace/vrpn/vrpn2px4/build/mocap_px4_bridge': AMENT_PREFIX_PATH=/home/lee/workspace/vrpn/vrpn2px4/install/px4_msgs:${AMENT_PREFIX_PATH} CMAKE_PREFIX_PATH=/home/lee/workspace/vrpn/vrpn2px4/install/px4_msgs:/opt/ros/humble LD_LIBRARY_PATH=/home/lee/workspace/vrpn/vrpn2px4/install/px4_msgs/lib:${LD_LIBRARY_PATH} PYTHONPATH=/home/lee/workspace/vrpn/vrpn2px4/install/px4_msgs/local/lib/python3.10/dist-packages:${PYTHONPATH} /usr/bin/cmake --build /home/lee/workspace/vrpn/vrpn2px4/build/mocap_px4_bridge -- -j32 -l32
[0.034s] [35m[1mConsolidate compiler generated dependencies of target mocap_px4_bridge[0m
[0.043s] [100%] Built target mocap_px4_bridge
[0.047s] Invoked command in '/home/lee/workspace/vrpn/vrpn2px4/build/mocap_px4_bridge' returned '0': AMENT_PREFIX_PATH=/home/lee/workspace/vrpn/vrpn2px4/install/px4_msgs:${AMENT_PREFIX_PATH} CMAKE_PREFIX_PATH=/home/lee/workspace/vrpn/vrpn2px4/install/px4_msgs:/opt/ros/humble LD_LIBRARY_PATH=/home/lee/workspace/vrpn/vrpn2px4/install/px4_msgs/lib:${LD_LIBRARY_PATH} PYTHONPATH=/home/lee/workspace/vrpn/vrpn2px4/install/px4_msgs/local/lib/python3.10/dist-packages:${PYTHONPATH} /usr/bin/cmake --build /home/lee/workspace/vrpn/vrpn2px4/build/mocap_px4_bridge -- -j32 -l32
[0.049s] Invoking command in '/home/lee/workspace/vrpn/vrpn2px4/build/mocap_px4_bridge': AMENT_PREFIX_PATH=/home/lee/workspace/vrpn/vrpn2px4/install/px4_msgs:${AMENT_PREFIX_PATH} CMAKE_PREFIX_PATH=/home/lee/workspace/vrpn/vrpn2px4/install/px4_msgs:/opt/ros/humble LD_LIBRARY_PATH=/home/lee/workspace/vrpn/vrpn2px4/install/px4_msgs/lib:${LD_LIBRARY_PATH} PYTHONPATH=/home/lee/workspace/vrpn/vrpn2px4/install/px4_msgs/local/lib/python3.10/dist-packages:${PYTHONPATH} /usr/bin/cmake --install /home/lee/workspace/vrpn/vrpn2px4/build/mocap_px4_bridge
[0.053s] -- Install configuration: ""
[0.053s] -- Execute custom install script
[0.054s] -- Up-to-date symlink: /home/lee/workspace/vrpn/vrpn2px4/install/mocap_px4_bridge/lib/mocap_px4_bridge/mocap_px4_bridge
[0.054s] -- Up-to-date symlink: /home/lee/workspace/vrpn/vrpn2px4/install/mocap_px4_bridge/share/mocap_px4_bridge//launch/run.launch.py
[0.055s] -- Up-to-date symlink: /home/lee/workspace/vrpn/vrpn2px4/install/mocap_px4_bridge/share/mocap_px4_bridge//config/params.yaml
[0.055s] -- Up-to-date symlink: /home/lee/workspace/vrpn/vrpn2px4/install/mocap_px4_bridge/share/ament_index/resource_index/package_run_dependencies/mocap_px4_bridge
[0.055s] -- Up-to-date symlink: /home/lee/workspace/vrpn/vrpn2px4/install/mocap_px4_bridge/share/ament_index/resource_index/parent_prefix_path/mocap_px4_bridge
[0.055s] -- Up-to-date symlink: /home/lee/workspace/vrpn/vrpn2px4/install/mocap_px4_bridge/share/mocap_px4_bridge/environment/ament_prefix_path.sh
[0.056s] -- Up-to-date symlink: /home/lee/workspace/vrpn/vrpn2px4/install/mocap_px4_bridge/share/mocap_px4_bridge/environment/ament_prefix_path.dsv
[0.056s] -- Up-to-date symlink: /home/lee/workspace/vrpn/vrpn2px4/install/mocap_px4_bridge/share/mocap_px4_bridge/environment/path.sh
[0.056s] -- Up-to-date symlink: /home/lee/workspace/vrpn/vrpn2px4/install/mocap_px4_bridge/share/mocap_px4_bridge/environment/path.dsv
[0.056s] -- Up-to-date symlink: /home/lee/workspace/vrpn/vrpn2px4/install/mocap_px4_bridge/share/mocap_px4_bridge/local_setup.bash
[0.056s] -- Up-to-date symlink: /home/lee/workspace/vrpn/vrpn2px4/install/mocap_px4_bridge/share/mocap_px4_bridge/local_setup.sh
[0.056s] -- Up-to-date symlink: /home/lee/workspace/vrpn/vrpn2px4/install/mocap_px4_bridge/share/mocap_px4_bridge/local_setup.zsh
[0.056s] -- Up-to-date symlink: /home/lee/workspace/vrpn/vrpn2px4/install/mocap_px4_bridge/share/mocap_px4_bridge/local_setup.dsv
[0.056s] -- Symlinking: /home/lee/workspace/vrpn/vrpn2px4/install/mocap_px4_bridge/share/mocap_px4_bridge/package.dsv
[0.060s] -- Up-to-date symlink: /home/lee/workspace/vrpn/vrpn2px4/install/mocap_px4_bridge/share/ament_index/resource_index/packages/mocap_px4_bridge
[0.060s] -- Up-to-date symlink: /home/lee/workspace/vrpn/vrpn2px4/install/mocap_px4_bridge/share/mocap_px4_bridge/cmake/mocap_px4_bridgeConfig.cmake
[0.060s] -- Up-to-date symlink: /home/lee/workspace/vrpn/vrpn2px4/install/mocap_px4_bridge/share/mocap_px4_bridge/cmake/mocap_px4_bridgeConfig-version.cmake
[0.061s] -- Up-to-date symlink: /home/lee/workspace/vrpn/vrpn2px4/install/mocap_px4_bridge/share/mocap_px4_bridge/package.xml
[0.062s] Invoked command in '/home/lee/workspace/vrpn/vrpn2px4/build/mocap_px4_bridge' returned '0': AMENT_PREFIX_PATH=/home/lee/workspace/vrpn/vrpn2px4/install/px4_msgs:${AMENT_PREFIX_PATH} CMAKE_PREFIX_PATH=/home/lee/workspace/vrpn/vrpn2px4/install/px4_msgs:/opt/ros/humble LD_LIBRARY_PATH=/home/lee/workspace/vrpn/vrpn2px4/install/px4_msgs/lib:${LD_LIBRARY_PATH} PYTHONPATH=/home/lee/workspace/vrpn/vrpn2px4/install/px4_msgs/local/lib/python3.10/dist-packages:${PYTHONPATH} /usr/bin/cmake --install /home/lee/workspace/vrpn/vrpn2px4/build/mocap_px4_bridge
