[0.043s] DEBUG:colcon:Command line arguments: ['/usr/bin/colcon', 'build', '--symlink-install']
[0.043s] DEBUG:colcon:Parsed command line arguments: Namespace(log_base=None, log_level=None, verb_name='build', build_base='build', install_base='install', merge_install=False, symlink_install=True, test_result_base=None, continue_on_error=False, executor='parallel', parallel_workers=32, event_handlers=None, ignore_user_meta=False, metas=['./colcon.meta'], base_paths=['.'], packages_ignore=None, packages_ignore_regex=None, paths=None, packages_up_to=None, packages_up_to_regex=None, packages_above=None, packages_above_and_dependencies=None, packages_above_depth=None, packages_select_by_dep=None, packages_skip_by_dep=None, packages_skip_up_to=None, packages_select_build_failed=False, packages_skip_build_finished=False, packages_select_test_failures=False, packages_skip_test_passed=False, packages_select=None, packages_skip=None, packages_select_regex=None, packages_skip_regex=None, packages_start=None, packages_end=None, allow_overriding=[], cmake_args=None, cmake_target=None, cmake_target_skip_unavailable=False, cmake_clean_cache=False, cmake_clean_first=False, cmake_force_configure=False, ament_cmake_args=None, catkin_cmake_args=None, catkin_skip_building_tests=False, mixin_files=None, mixin=None, verb_parser=<colcon_mixin.mixin.mixin_argument.MixinArgumentDecorator object at 0x7217aac57850>, verb_extension=<colcon_core.verb.build.BuildVerb object at 0x7217aac572b0>, main=<bound method BuildVerb.main of <colcon_core.verb.build.BuildVerb object at 0x7217aac572b0>>, mixin_verb=('build',))
[0.060s] Level 1:colcon.colcon_core.package_discovery:discover_packages(colcon_meta) check parameters
[0.060s] Level 1:colcon.colcon_core.package_discovery:discover_packages(recursive) check parameters
[0.060s] Level 1:colcon.colcon_core.package_discovery:discover_packages(ignore) check parameters
[0.060s] Level 1:colcon.colcon_core.package_discovery:discover_packages(path) check parameters
[0.060s] Level 1:colcon.colcon_core.package_discovery:discover_packages(colcon_meta) discover
[0.060s] Level 1:colcon.colcon_core.package_discovery:discover_packages(recursive) discover
[0.060s] INFO:colcon.colcon_core.package_discovery:Crawling recursively for packages in '/home/lee/workspace/vrpn/vrpn2px4'
[0.060s] Level 1:colcon.colcon_core.package_identification:_identify(.) by extensions ['ignore', 'ignore_ament_install']
[0.060s] Level 1:colcon.colcon_core.package_identification:_identify(.) by extension 'ignore'
[0.060s] Level 1:colcon.colcon_core.package_identification:_identify(.) by extension 'ignore_ament_install'
[0.060s] Level 1:colcon.colcon_core.package_identification:_identify(.) by extensions ['colcon_pkg']
[0.060s] Level 1:colcon.colcon_core.package_identification:_identify(.) by extension 'colcon_pkg'
[0.060s] Level 1:colcon.colcon_core.package_identification:_identify(.) by extensions ['colcon_meta']
[0.060s] Level 1:colcon.colcon_core.package_identification:_identify(.) by extension 'colcon_meta'
[0.060s] Level 1:colcon.colcon_core.package_identification:_identify(.) by extensions ['ros']
[0.060s] Level 1:colcon.colcon_core.package_identification:_identify(.) by extension 'ros'
[0.066s] Level 1:colcon.colcon_core.package_identification:_identify(.) by extensions ['cmake', 'python']
[0.066s] Level 1:colcon.colcon_core.package_identification:_identify(.) by extension 'cmake'
[0.066s] Level 1:colcon.colcon_core.package_identification:_identify(.) by extension 'python'
[0.066s] Level 1:colcon.colcon_core.package_identification:_identify(.) by extensions ['python_setup_py']
[0.066s] Level 1:colcon.colcon_core.package_identification:_identify(.) by extension 'python_setup_py'
[0.067s] Level 1:colcon.colcon_core.package_identification:_identify(build) by extensions ['ignore', 'ignore_ament_install']
[0.067s] Level 1:colcon.colcon_core.package_identification:_identify(build) by extension 'ignore'
[0.067s] Level 1:colcon.colcon_core.package_identification:_identify(build) ignored
[0.067s] Level 1:colcon.colcon_core.package_identification:_identify(install) by extensions ['ignore', 'ignore_ament_install']
[0.067s] Level 1:colcon.colcon_core.package_identification:_identify(install) by extension 'ignore'
[0.067s] Level 1:colcon.colcon_core.package_identification:_identify(install) ignored
[0.067s] Level 1:colcon.colcon_core.package_identification:_identify(log) by extensions ['ignore', 'ignore_ament_install']
[0.067s] Level 1:colcon.colcon_core.package_identification:_identify(log) by extension 'ignore'
[0.067s] Level 1:colcon.colcon_core.package_identification:_identify(log) ignored
[0.067s] Level 1:colcon.colcon_core.package_identification:_identify(src) by extensions ['ignore', 'ignore_ament_install']
[0.067s] Level 1:colcon.colcon_core.package_identification:_identify(src) by extension 'ignore'
[0.067s] Level 1:colcon.colcon_core.package_identification:_identify(src) by extension 'ignore_ament_install'
[0.067s] Level 1:colcon.colcon_core.package_identification:_identify(src) by extensions ['colcon_pkg']
[0.067s] Level 1:colcon.colcon_core.package_identification:_identify(src) by extension 'colcon_pkg'
[0.067s] Level 1:colcon.colcon_core.package_identification:_identify(src) by extensions ['colcon_meta']
[0.067s] Level 1:colcon.colcon_core.package_identification:_identify(src) by extension 'colcon_meta'
[0.067s] Level 1:colcon.colcon_core.package_identification:_identify(src) by extensions ['ros']
[0.067s] Level 1:colcon.colcon_core.package_identification:_identify(src) by extension 'ros'
[0.067s] Level 1:colcon.colcon_core.package_identification:_identify(src) by extensions ['cmake', 'python']
[0.067s] Level 1:colcon.colcon_core.package_identification:_identify(src) by extension 'cmake'
[0.067s] Level 1:colcon.colcon_core.package_identification:_identify(src) by extension 'python'
[0.067s] Level 1:colcon.colcon_core.package_identification:_identify(src) by extensions ['python_setup_py']
[0.067s] Level 1:colcon.colcon_core.package_identification:_identify(src) by extension 'python_setup_py'
[0.067s] Level 1:colcon.colcon_core.package_identification:_identify(src/mocap_optitrack) by extensions ['ignore', 'ignore_ament_install']
[0.067s] Level 1:colcon.colcon_core.package_identification:_identify(src/mocap_optitrack) by extension 'ignore'
[0.067s] Level 1:colcon.colcon_core.package_identification:_identify(src/mocap_optitrack) by extension 'ignore_ament_install'
[0.067s] Level 1:colcon.colcon_core.package_identification:_identify(src/mocap_optitrack) by extensions ['colcon_pkg']
[0.067s] Level 1:colcon.colcon_core.package_identification:_identify(src/mocap_optitrack) by extension 'colcon_pkg'
[0.067s] Level 1:colcon.colcon_core.package_identification:_identify(src/mocap_optitrack) by extensions ['colcon_meta']
[0.067s] Level 1:colcon.colcon_core.package_identification:_identify(src/mocap_optitrack) by extension 'colcon_meta'
[0.067s] Level 1:colcon.colcon_core.package_identification:_identify(src/mocap_optitrack) by extensions ['ros']
[0.067s] Level 1:colcon.colcon_core.package_identification:_identify(src/mocap_optitrack) by extension 'ros'
[0.068s] DEBUG:colcon.colcon_core.package_identification:Package 'src/mocap_optitrack' with type 'ros.ament_cmake' and name 'mocap_optitrack'
[0.068s] Level 1:colcon.colcon_core.package_identification:_identify(src/mocap_px4_bridge) by extensions ['ignore', 'ignore_ament_install']
[0.068s] Level 1:colcon.colcon_core.package_identification:_identify(src/mocap_px4_bridge) by extension 'ignore'
[0.068s] Level 1:colcon.colcon_core.package_identification:_identify(src/mocap_px4_bridge) by extension 'ignore_ament_install'
[0.068s] Level 1:colcon.colcon_core.package_identification:_identify(src/mocap_px4_bridge) by extensions ['colcon_pkg']
[0.068s] Level 1:colcon.colcon_core.package_identification:_identify(src/mocap_px4_bridge) by extension 'colcon_pkg'
[0.068s] Level 1:colcon.colcon_core.package_identification:_identify(src/mocap_px4_bridge) by extensions ['colcon_meta']
[0.068s] Level 1:colcon.colcon_core.package_identification:_identify(src/mocap_px4_bridge) by extension 'colcon_meta'
[0.068s] Level 1:colcon.colcon_core.package_identification:_identify(src/mocap_px4_bridge) by extensions ['ros']
[0.068s] Level 1:colcon.colcon_core.package_identification:_identify(src/mocap_px4_bridge) by extension 'ros'
[0.069s] DEBUG:colcon.colcon_core.package_identification:Package 'src/mocap_px4_bridge' with type 'ros.ament_cmake' and name 'mocap_px4_bridge'
[0.069s] Level 1:colcon.colcon_core.package_identification:_identify(src/px4_msgs) by extensions ['ignore', 'ignore_ament_install']
[0.069s] Level 1:colcon.colcon_core.package_identification:_identify(src/px4_msgs) by extension 'ignore'
[0.069s] Level 1:colcon.colcon_core.package_identification:_identify(src/px4_msgs) by extension 'ignore_ament_install'
[0.069s] Level 1:colcon.colcon_core.package_identification:_identify(src/px4_msgs) by extensions ['colcon_pkg']
[0.069s] Level 1:colcon.colcon_core.package_identification:_identify(src/px4_msgs) by extension 'colcon_pkg'
[0.069s] Level 1:colcon.colcon_core.package_identification:_identify(src/px4_msgs) by extensions ['colcon_meta']
[0.069s] Level 1:colcon.colcon_core.package_identification:_identify(src/px4_msgs) by extension 'colcon_meta'
[0.069s] Level 1:colcon.colcon_core.package_identification:_identify(src/px4_msgs) by extensions ['ros']
[0.069s] Level 1:colcon.colcon_core.package_identification:_identify(src/px4_msgs) by extension 'ros'
[0.069s] DEBUG:colcon.colcon_core.package_identification:Package 'src/px4_msgs' with type 'ros.ament_cmake' and name 'px4_msgs'
[0.069s] Level 1:colcon.colcon_core.package_discovery:discover_packages(recursive) using defaults
[0.069s] Level 1:colcon.colcon_core.package_discovery:discover_packages(ignore) discover
[0.069s] Level 1:colcon.colcon_core.package_discovery:discover_packages(ignore) using defaults
[0.069s] Level 1:colcon.colcon_core.package_discovery:discover_packages(path) discover
[0.069s] Level 1:colcon.colcon_core.package_discovery:discover_packages(path) using defaults
[0.078s] Level 1:colcon.colcon_core.package_discovery:discover_packages(prefix_path) check parameters
[0.078s] Level 1:colcon.colcon_core.package_discovery:discover_packages(prefix_path) discover
[0.079s] DEBUG:colcon.colcon_installed_package_information.package_discovery:Found 303 installed packages in /opt/ros/humble
[0.079s] Level 1:colcon.colcon_core.package_discovery:discover_packages(prefix_path) using defaults
[0.095s] Level 5:colcon.colcon_core.verb:set package 'mocap_optitrack' build argument 'cmake_args' from command line to 'None'
[0.095s] Level 5:colcon.colcon_core.verb:set package 'mocap_optitrack' build argument 'cmake_target' from command line to 'None'
[0.095s] Level 5:colcon.colcon_core.verb:set package 'mocap_optitrack' build argument 'cmake_target_skip_unavailable' from command line to 'False'
[0.095s] Level 5:colcon.colcon_core.verb:set package 'mocap_optitrack' build argument 'cmake_clean_cache' from command line to 'False'
[0.095s] Level 5:colcon.colcon_core.verb:set package 'mocap_optitrack' build argument 'cmake_clean_first' from command line to 'False'
[0.095s] Level 5:colcon.colcon_core.verb:set package 'mocap_optitrack' build argument 'cmake_force_configure' from command line to 'False'
[0.095s] Level 5:colcon.colcon_core.verb:set package 'mocap_optitrack' build argument 'ament_cmake_args' from command line to 'None'
[0.095s] Level 5:colcon.colcon_core.verb:set package 'mocap_optitrack' build argument 'catkin_cmake_args' from command line to 'None'
[0.095s] Level 5:colcon.colcon_core.verb:set package 'mocap_optitrack' build argument 'catkin_skip_building_tests' from command line to 'False'
[0.095s] DEBUG:colcon.colcon_core.verb:Building package 'mocap_optitrack' with the following arguments: {'ament_cmake_args': None, 'build_base': '/home/lee/workspace/vrpn/vrpn2px4/build/mocap_optitrack', 'catkin_cmake_args': None, 'catkin_skip_building_tests': False, 'cmake_args': None, 'cmake_clean_cache': False, 'cmake_clean_first': False, 'cmake_force_configure': False, 'cmake_target': None, 'cmake_target_skip_unavailable': False, 'install_base': '/home/lee/workspace/vrpn/vrpn2px4/install/mocap_optitrack', 'merge_install': False, 'path': '/home/lee/workspace/vrpn/vrpn2px4/src/mocap_optitrack', 'symlink_install': True, 'test_result_base': None}
[0.095s] Level 5:colcon.colcon_core.verb:set package 'px4_msgs' build argument 'cmake_args' from command line to 'None'
[0.095s] Level 5:colcon.colcon_core.verb:set package 'px4_msgs' build argument 'cmake_target' from command line to 'None'
[0.095s] Level 5:colcon.colcon_core.verb:set package 'px4_msgs' build argument 'cmake_target_skip_unavailable' from command line to 'False'
[0.095s] Level 5:colcon.colcon_core.verb:set package 'px4_msgs' build argument 'cmake_clean_cache' from command line to 'False'
[0.095s] Level 5:colcon.colcon_core.verb:set package 'px4_msgs' build argument 'cmake_clean_first' from command line to 'False'
[0.095s] Level 5:colcon.colcon_core.verb:set package 'px4_msgs' build argument 'cmake_force_configure' from command line to 'False'
[0.095s] Level 5:colcon.colcon_core.verb:set package 'px4_msgs' build argument 'ament_cmake_args' from command line to 'None'
[0.095s] Level 5:colcon.colcon_core.verb:set package 'px4_msgs' build argument 'catkin_cmake_args' from command line to 'None'
[0.095s] Level 5:colcon.colcon_core.verb:set package 'px4_msgs' build argument 'catkin_skip_building_tests' from command line to 'False'
[0.095s] DEBUG:colcon.colcon_core.verb:Building package 'px4_msgs' with the following arguments: {'ament_cmake_args': None, 'build_base': '/home/lee/workspace/vrpn/vrpn2px4/build/px4_msgs', 'catkin_cmake_args': None, 'catkin_skip_building_tests': False, 'cmake_args': None, 'cmake_clean_cache': False, 'cmake_clean_first': False, 'cmake_force_configure': False, 'cmake_target': None, 'cmake_target_skip_unavailable': False, 'install_base': '/home/lee/workspace/vrpn/vrpn2px4/install/px4_msgs', 'merge_install': False, 'path': '/home/lee/workspace/vrpn/vrpn2px4/src/px4_msgs', 'symlink_install': True, 'test_result_base': None}
[0.095s] Level 5:colcon.colcon_core.verb:set package 'mocap_px4_bridge' build argument 'cmake_args' from command line to 'None'
[0.095s] Level 5:colcon.colcon_core.verb:set package 'mocap_px4_bridge' build argument 'cmake_target' from command line to 'None'
[0.095s] Level 5:colcon.colcon_core.verb:set package 'mocap_px4_bridge' build argument 'cmake_target_skip_unavailable' from command line to 'False'
[0.095s] Level 5:colcon.colcon_core.verb:set package 'mocap_px4_bridge' build argument 'cmake_clean_cache' from command line to 'False'
[0.095s] Level 5:colcon.colcon_core.verb:set package 'mocap_px4_bridge' build argument 'cmake_clean_first' from command line to 'False'
[0.095s] Level 5:colcon.colcon_core.verb:set package 'mocap_px4_bridge' build argument 'cmake_force_configure' from command line to 'False'
[0.095s] Level 5:colcon.colcon_core.verb:set package 'mocap_px4_bridge' build argument 'ament_cmake_args' from command line to 'None'
[0.095s] Level 5:colcon.colcon_core.verb:set package 'mocap_px4_bridge' build argument 'catkin_cmake_args' from command line to 'None'
[0.095s] Level 5:colcon.colcon_core.verb:set package 'mocap_px4_bridge' build argument 'catkin_skip_building_tests' from command line to 'False'
[0.095s] DEBUG:colcon.colcon_core.verb:Building package 'mocap_px4_bridge' with the following arguments: {'ament_cmake_args': None, 'build_base': '/home/lee/workspace/vrpn/vrpn2px4/build/mocap_px4_bridge', 'catkin_cmake_args': None, 'catkin_skip_building_tests': False, 'cmake_args': None, 'cmake_clean_cache': False, 'cmake_clean_first': False, 'cmake_force_configure': False, 'cmake_target': None, 'cmake_target_skip_unavailable': False, 'install_base': '/home/lee/workspace/vrpn/vrpn2px4/install/mocap_px4_bridge', 'merge_install': False, 'path': '/home/lee/workspace/vrpn/vrpn2px4/src/mocap_px4_bridge', 'symlink_install': True, 'test_result_base': None}
[0.095s] INFO:colcon.colcon_core.executor:Executing jobs using 'parallel' executor
[0.096s] DEBUG:colcon.colcon_parallel_executor.executor.parallel:run_until_complete
[0.096s] INFO:colcon.colcon_ros.task.ament_cmake.build:Building ROS package in '/home/lee/workspace/vrpn/vrpn2px4/src/px4_msgs' with build type 'ament_cmake'
[0.096s] INFO:colcon.colcon_cmake.task.cmake.build:Building CMake package in '/home/lee/workspace/vrpn/vrpn2px4/src/px4_msgs'
[0.097s] INFO:colcon.colcon_core.plugin_system:Skipping extension 'colcon_core.shell.bat': Not used on non-Windows systems
[0.097s] INFO:colcon.colcon_core.shell:Skip shell extension 'powershell' for command environment: Not usable outside of PowerShell
[0.097s] DEBUG:colcon.colcon_core.shell:Skip shell extension 'dsv' for command environment
[0.098s] INFO:colcon.colcon_ros.task.ament_cmake.build:Building ROS package in '/home/lee/workspace/vrpn/vrpn2px4/src/mocap_optitrack' with build type 'ament_cmake'
[0.098s] INFO:colcon.colcon_cmake.task.cmake.build:Building CMake package in '/home/lee/workspace/vrpn/vrpn2px4/src/mocap_optitrack'
[0.098s] INFO:colcon.colcon_core.shell:Skip shell extension 'powershell' for command environment: Not usable outside of PowerShell
[0.098s] DEBUG:colcon.colcon_core.shell:Skip shell extension 'dsv' for command environment
[0.101s] DEBUG:colcon.colcon_core.event_handler.log_command:Invoking command in '/home/lee/workspace/vrpn/vrpn2px4/build/px4_msgs': CMAKE_PREFIX_PATH=/opt/ros/humble /usr/bin/cmake --build /home/lee/workspace/vrpn/vrpn2px4/build/px4_msgs -- -j32 -l32
[0.103s] DEBUG:colcon.colcon_core.event_handler.log_command:Invoking command in '/home/lee/workspace/vrpn/vrpn2px4/build/mocap_optitrack': CMAKE_PREFIX_PATH=/opt/ros/humble /usr/bin/cmake --build /home/lee/workspace/vrpn/vrpn2px4/build/mocap_optitrack -- -j32 -l32
[0.154s] DEBUG:colcon.colcon_core.event_handler.log_command:Invoked command in '/home/lee/workspace/vrpn/vrpn2px4/build/mocap_optitrack' returned '0': CMAKE_PREFIX_PATH=/opt/ros/humble /usr/bin/cmake --build /home/lee/workspace/vrpn/vrpn2px4/build/mocap_optitrack -- -j32 -l32
[0.159s] DEBUG:colcon.colcon_core.event_handler.log_command:Invoking command in '/home/lee/workspace/vrpn/vrpn2px4/build/mocap_optitrack': CMAKE_PREFIX_PATH=/opt/ros/humble /usr/bin/cmake --install /home/lee/workspace/vrpn/vrpn2px4/build/mocap_optitrack
[0.168s] Level 1:colcon.colcon_core.environment:create_environment_scripts_only(mocap_optitrack)
[0.169s] DEBUG:colcon.colcon_core.event_handler.log_command:Invoked command in '/home/lee/workspace/vrpn/vrpn2px4/build/mocap_optitrack' returned '0': CMAKE_PREFIX_PATH=/opt/ros/humble /usr/bin/cmake --install /home/lee/workspace/vrpn/vrpn2px4/build/mocap_optitrack
[0.170s] Level 1:colcon.colcon_core.environment:checking '/home/lee/workspace/vrpn/vrpn2px4/install/mocap_optitrack' for CMake module files
[0.170s] Level 1:colcon.colcon_core.environment:checking '/home/lee/workspace/vrpn/vrpn2px4/install/mocap_optitrack' for CMake config files
[0.170s] Level 1:colcon.colcon_core.shell:create_environment_hook('mocap_optitrack', 'cmake_prefix_path')
[0.170s] INFO:colcon.colcon_core.shell:Creating environment hook '/home/lee/workspace/vrpn/vrpn2px4/install/mocap_optitrack/share/mocap_optitrack/hook/cmake_prefix_path.ps1'
[0.171s] INFO:colcon.colcon_core.shell:Creating environment descriptor '/home/lee/workspace/vrpn/vrpn2px4/install/mocap_optitrack/share/mocap_optitrack/hook/cmake_prefix_path.dsv'
[0.171s] INFO:colcon.colcon_core.shell:Creating environment hook '/home/lee/workspace/vrpn/vrpn2px4/install/mocap_optitrack/share/mocap_optitrack/hook/cmake_prefix_path.sh'
[0.171s] Level 1:colcon.colcon_core.environment:checking '/home/lee/workspace/vrpn/vrpn2px4/install/mocap_optitrack/lib'
[0.171s] Level 1:colcon.colcon_core.environment:checking '/home/lee/workspace/vrpn/vrpn2px4/install/mocap_optitrack/bin'
[0.171s] Level 1:colcon.colcon_core.environment:checking '/home/lee/workspace/vrpn/vrpn2px4/install/mocap_optitrack/lib/pkgconfig/mocap_optitrack.pc'
[0.171s] Level 1:colcon.colcon_core.environment:checking '/home/lee/workspace/vrpn/vrpn2px4/install/mocap_optitrack/lib/python3.10/site-packages'
[0.171s] Level 1:colcon.colcon_core.environment:checking '/home/lee/workspace/vrpn/vrpn2px4/install/mocap_optitrack/bin'
[0.172s] INFO:colcon.colcon_core.shell:Creating package script '/home/lee/workspace/vrpn/vrpn2px4/install/mocap_optitrack/share/mocap_optitrack/package.ps1'
[0.172s] INFO:colcon.colcon_core.shell:Creating package descriptor '/home/lee/workspace/vrpn/vrpn2px4/install/mocap_optitrack/share/mocap_optitrack/package.dsv'
[0.172s] INFO:colcon.colcon_core.shell:Creating package script '/home/lee/workspace/vrpn/vrpn2px4/install/mocap_optitrack/share/mocap_optitrack/package.sh'
[0.172s] INFO:colcon.colcon_core.shell:Creating package script '/home/lee/workspace/vrpn/vrpn2px4/install/mocap_optitrack/share/mocap_optitrack/package.bash'
[0.173s] INFO:colcon.colcon_core.shell:Creating package script '/home/lee/workspace/vrpn/vrpn2px4/install/mocap_optitrack/share/mocap_optitrack/package.zsh'
[0.173s] Level 1:colcon.colcon_core.environment:create_file_with_runtime_dependencies(/home/lee/workspace/vrpn/vrpn2px4/install/mocap_optitrack/share/colcon-core/packages/mocap_optitrack)
[0.173s] Level 1:colcon.colcon_core.environment:create_environment_scripts_only(mocap_optitrack)
[0.173s] Level 1:colcon.colcon_core.environment:checking '/home/lee/workspace/vrpn/vrpn2px4/install/mocap_optitrack' for CMake module files
[0.173s] Level 1:colcon.colcon_core.environment:checking '/home/lee/workspace/vrpn/vrpn2px4/install/mocap_optitrack' for CMake config files
[0.173s] Level 1:colcon.colcon_core.shell:create_environment_hook('mocap_optitrack', 'cmake_prefix_path')
[0.173s] INFO:colcon.colcon_core.shell:Creating environment hook '/home/lee/workspace/vrpn/vrpn2px4/install/mocap_optitrack/share/mocap_optitrack/hook/cmake_prefix_path.ps1'
[0.174s] INFO:colcon.colcon_core.shell:Creating environment descriptor '/home/lee/workspace/vrpn/vrpn2px4/install/mocap_optitrack/share/mocap_optitrack/hook/cmake_prefix_path.dsv'
[0.174s] INFO:colcon.colcon_core.shell:Creating environment hook '/home/lee/workspace/vrpn/vrpn2px4/install/mocap_optitrack/share/mocap_optitrack/hook/cmake_prefix_path.sh'
[0.174s] Level 1:colcon.colcon_core.environment:checking '/home/lee/workspace/vrpn/vrpn2px4/install/mocap_optitrack/lib'
[0.174s] Level 1:colcon.colcon_core.environment:checking '/home/lee/workspace/vrpn/vrpn2px4/install/mocap_optitrack/bin'
[0.174s] Level 1:colcon.colcon_core.environment:checking '/home/lee/workspace/vrpn/vrpn2px4/install/mocap_optitrack/lib/pkgconfig/mocap_optitrack.pc'
[0.174s] Level 1:colcon.colcon_core.environment:checking '/home/lee/workspace/vrpn/vrpn2px4/install/mocap_optitrack/lib/python3.10/site-packages'
[0.174s] Level 1:colcon.colcon_core.environment:checking '/home/lee/workspace/vrpn/vrpn2px4/install/mocap_optitrack/bin'
[0.174s] INFO:colcon.colcon_core.shell:Creating package script '/home/lee/workspace/vrpn/vrpn2px4/install/mocap_optitrack/share/mocap_optitrack/package.ps1'
[0.174s] INFO:colcon.colcon_core.shell:Creating package descriptor '/home/lee/workspace/vrpn/vrpn2px4/install/mocap_optitrack/share/mocap_optitrack/package.dsv'
[0.175s] INFO:colcon.colcon_core.shell:Creating package script '/home/lee/workspace/vrpn/vrpn2px4/install/mocap_optitrack/share/mocap_optitrack/package.sh'
[0.175s] INFO:colcon.colcon_core.shell:Creating package script '/home/lee/workspace/vrpn/vrpn2px4/install/mocap_optitrack/share/mocap_optitrack/package.bash'
[0.175s] INFO:colcon.colcon_core.shell:Creating package script '/home/lee/workspace/vrpn/vrpn2px4/install/mocap_optitrack/share/mocap_optitrack/package.zsh'
[0.175s] Level 1:colcon.colcon_core.environment:create_file_with_runtime_dependencies(/home/lee/workspace/vrpn/vrpn2px4/install/mocap_optitrack/share/colcon-core/packages/mocap_optitrack)
[0.628s] DEBUG:colcon.colcon_core.event_handler.log_command:Invoked command in '/home/lee/workspace/vrpn/vrpn2px4/build/px4_msgs' returned '0': CMAKE_PREFIX_PATH=/opt/ros/humble /usr/bin/cmake --build /home/lee/workspace/vrpn/vrpn2px4/build/px4_msgs -- -j32 -l32
[0.628s] DEBUG:colcon.colcon_core.event_handler.log_command:Invoking command in '/home/lee/workspace/vrpn/vrpn2px4/build/px4_msgs': CMAKE_PREFIX_PATH=/opt/ros/humble /usr/bin/cmake --install /home/lee/workspace/vrpn/vrpn2px4/build/px4_msgs
[0.814s] Level 1:colcon.colcon_core.environment:create_environment_scripts_only(px4_msgs)
[0.815s] Level 1:colcon.colcon_core.environment:checking '/home/lee/workspace/vrpn/vrpn2px4/install/px4_msgs' for CMake module files
[0.815s] DEBUG:colcon.colcon_core.event_handler.log_command:Invoked command in '/home/lee/workspace/vrpn/vrpn2px4/build/px4_msgs' returned '0': CMAKE_PREFIX_PATH=/opt/ros/humble /usr/bin/cmake --install /home/lee/workspace/vrpn/vrpn2px4/build/px4_msgs
[0.815s] Level 1:colcon.colcon_core.environment:checking '/home/lee/workspace/vrpn/vrpn2px4/install/px4_msgs' for CMake config files
[0.817s] Level 1:colcon.colcon_core.shell:create_environment_hook('px4_msgs', 'cmake_prefix_path')
[0.817s] INFO:colcon.colcon_core.shell:Creating environment hook '/home/lee/workspace/vrpn/vrpn2px4/install/px4_msgs/share/px4_msgs/hook/cmake_prefix_path.ps1'
[0.818s] INFO:colcon.colcon_core.shell:Creating environment descriptor '/home/lee/workspace/vrpn/vrpn2px4/install/px4_msgs/share/px4_msgs/hook/cmake_prefix_path.dsv'
[0.818s] INFO:colcon.colcon_core.shell:Creating environment hook '/home/lee/workspace/vrpn/vrpn2px4/install/px4_msgs/share/px4_msgs/hook/cmake_prefix_path.sh'
[0.818s] Level 1:colcon.colcon_core.environment:checking '/home/lee/workspace/vrpn/vrpn2px4/install/px4_msgs/lib'
[0.818s] Level 1:colcon.colcon_core.shell:create_environment_hook('px4_msgs', 'ld_library_path_lib')
[0.818s] INFO:colcon.colcon_core.shell:Creating environment hook '/home/lee/workspace/vrpn/vrpn2px4/install/px4_msgs/share/px4_msgs/hook/ld_library_path_lib.ps1'
[0.818s] INFO:colcon.colcon_core.shell:Creating environment descriptor '/home/lee/workspace/vrpn/vrpn2px4/install/px4_msgs/share/px4_msgs/hook/ld_library_path_lib.dsv'
[0.818s] INFO:colcon.colcon_core.shell:Creating environment hook '/home/lee/workspace/vrpn/vrpn2px4/install/px4_msgs/share/px4_msgs/hook/ld_library_path_lib.sh'
[0.818s] Level 1:colcon.colcon_core.environment:checking '/home/lee/workspace/vrpn/vrpn2px4/install/px4_msgs/bin'
[0.818s] Level 1:colcon.colcon_core.environment:checking '/home/lee/workspace/vrpn/vrpn2px4/install/px4_msgs/lib/pkgconfig/px4_msgs.pc'
[0.818s] Level 1:colcon.colcon_core.environment:checking '/home/lee/workspace/vrpn/vrpn2px4/install/px4_msgs/lib/python3.10/site-packages'
[0.819s] Level 1:colcon.colcon_core.environment:checking '/home/lee/workspace/vrpn/vrpn2px4/install/px4_msgs/bin'
[0.819s] INFO:colcon.colcon_core.shell:Creating package script '/home/lee/workspace/vrpn/vrpn2px4/install/px4_msgs/share/px4_msgs/package.ps1'
[0.819s] INFO:colcon.colcon_core.shell:Creating package descriptor '/home/lee/workspace/vrpn/vrpn2px4/install/px4_msgs/share/px4_msgs/package.dsv'
[0.819s] INFO:colcon.colcon_core.shell:Creating package script '/home/lee/workspace/vrpn/vrpn2px4/install/px4_msgs/share/px4_msgs/package.sh'
[0.819s] INFO:colcon.colcon_core.shell:Creating package script '/home/lee/workspace/vrpn/vrpn2px4/install/px4_msgs/share/px4_msgs/package.bash'
[0.819s] INFO:colcon.colcon_core.shell:Creating package script '/home/lee/workspace/vrpn/vrpn2px4/install/px4_msgs/share/px4_msgs/package.zsh'
[0.819s] Level 1:colcon.colcon_core.environment:create_file_with_runtime_dependencies(/home/lee/workspace/vrpn/vrpn2px4/install/px4_msgs/share/colcon-core/packages/px4_msgs)
[0.820s] Level 1:colcon.colcon_core.environment:create_environment_scripts_only(px4_msgs)
[0.820s] Level 1:colcon.colcon_core.environment:checking '/home/lee/workspace/vrpn/vrpn2px4/install/px4_msgs' for CMake module files
[0.820s] Level 1:colcon.colcon_core.environment:checking '/home/lee/workspace/vrpn/vrpn2px4/install/px4_msgs' for CMake config files
[0.822s] Level 1:colcon.colcon_core.shell:create_environment_hook('px4_msgs', 'cmake_prefix_path')
[0.822s] INFO:colcon.colcon_core.shell:Creating environment hook '/home/lee/workspace/vrpn/vrpn2px4/install/px4_msgs/share/px4_msgs/hook/cmake_prefix_path.ps1'
[0.822s] INFO:colcon.colcon_core.shell:Creating environment descriptor '/home/lee/workspace/vrpn/vrpn2px4/install/px4_msgs/share/px4_msgs/hook/cmake_prefix_path.dsv'
[0.822s] INFO:colcon.colcon_core.shell:Creating environment hook '/home/lee/workspace/vrpn/vrpn2px4/install/px4_msgs/share/px4_msgs/hook/cmake_prefix_path.sh'
[0.822s] Level 1:colcon.colcon_core.environment:checking '/home/lee/workspace/vrpn/vrpn2px4/install/px4_msgs/lib'
[0.822s] Level 1:colcon.colcon_core.shell:create_environment_hook('px4_msgs', 'ld_library_path_lib')
[0.823s] INFO:colcon.colcon_core.shell:Creating environment hook '/home/lee/workspace/vrpn/vrpn2px4/install/px4_msgs/share/px4_msgs/hook/ld_library_path_lib.ps1'
[0.823s] INFO:colcon.colcon_core.shell:Creating environment descriptor '/home/lee/workspace/vrpn/vrpn2px4/install/px4_msgs/share/px4_msgs/hook/ld_library_path_lib.dsv'
[0.823s] INFO:colcon.colcon_core.shell:Creating environment hook '/home/lee/workspace/vrpn/vrpn2px4/install/px4_msgs/share/px4_msgs/hook/ld_library_path_lib.sh'
[0.823s] Level 1:colcon.colcon_core.environment:checking '/home/lee/workspace/vrpn/vrpn2px4/install/px4_msgs/bin'
[0.823s] Level 1:colcon.colcon_core.environment:checking '/home/lee/workspace/vrpn/vrpn2px4/install/px4_msgs/lib/pkgconfig/px4_msgs.pc'
[0.823s] Level 1:colcon.colcon_core.environment:checking '/home/lee/workspace/vrpn/vrpn2px4/install/px4_msgs/lib/python3.10/site-packages'
[0.823s] Level 1:colcon.colcon_core.environment:checking '/home/lee/workspace/vrpn/vrpn2px4/install/px4_msgs/bin'
[0.823s] INFO:colcon.colcon_core.shell:Creating package script '/home/lee/workspace/vrpn/vrpn2px4/install/px4_msgs/share/px4_msgs/package.ps1'
[0.823s] INFO:colcon.colcon_core.shell:Creating package descriptor '/home/lee/workspace/vrpn/vrpn2px4/install/px4_msgs/share/px4_msgs/package.dsv'
[0.824s] INFO:colcon.colcon_core.shell:Creating package script '/home/lee/workspace/vrpn/vrpn2px4/install/px4_msgs/share/px4_msgs/package.sh'
[0.824s] INFO:colcon.colcon_core.shell:Creating package script '/home/lee/workspace/vrpn/vrpn2px4/install/px4_msgs/share/px4_msgs/package.bash'
[0.824s] INFO:colcon.colcon_core.shell:Creating package script '/home/lee/workspace/vrpn/vrpn2px4/install/px4_msgs/share/px4_msgs/package.zsh'
[0.824s] Level 1:colcon.colcon_core.environment:create_file_with_runtime_dependencies(/home/lee/workspace/vrpn/vrpn2px4/install/px4_msgs/share/colcon-core/packages/px4_msgs)
[0.824s] INFO:colcon.colcon_ros.task.ament_cmake.build:Building ROS package in '/home/lee/workspace/vrpn/vrpn2px4/src/mocap_px4_bridge' with build type 'ament_cmake'
[0.824s] INFO:colcon.colcon_cmake.task.cmake.build:Building CMake package in '/home/lee/workspace/vrpn/vrpn2px4/src/mocap_px4_bridge'
[0.824s] INFO:colcon.colcon_core.shell:Skip shell extension 'powershell' for command environment: Not usable outside of PowerShell
[0.824s] DEBUG:colcon.colcon_core.shell:Skip shell extension 'dsv' for command environment
[0.829s] DEBUG:colcon.colcon_core.event_handler.log_command:Invoking command in '/home/lee/workspace/vrpn/vrpn2px4/build/mocap_px4_bridge': AMENT_PREFIX_PATH=/home/lee/workspace/vrpn/vrpn2px4/install/px4_msgs:${AMENT_PREFIX_PATH} CMAKE_PREFIX_PATH=/home/lee/workspace/vrpn/vrpn2px4/install/px4_msgs:/opt/ros/humble LD_LIBRARY_PATH=/home/lee/workspace/vrpn/vrpn2px4/install/px4_msgs/lib:${LD_LIBRARY_PATH} PYTHONPATH=/home/lee/workspace/vrpn/vrpn2px4/install/px4_msgs/local/lib/python3.10/dist-packages:${PYTHONPATH} /usr/bin/cmake --build /home/lee/workspace/vrpn/vrpn2px4/build/mocap_px4_bridge -- -j32 -l32
[4.464s] DEBUG:colcon.colcon_core.event_handler.log_command:Invoked command in '/home/lee/workspace/vrpn/vrpn2px4/build/mocap_px4_bridge' returned '0': AMENT_PREFIX_PATH=/home/lee/workspace/vrpn/vrpn2px4/install/px4_msgs:${AMENT_PREFIX_PATH} CMAKE_PREFIX_PATH=/home/lee/workspace/vrpn/vrpn2px4/install/px4_msgs:/opt/ros/humble LD_LIBRARY_PATH=/home/lee/workspace/vrpn/vrpn2px4/install/px4_msgs/lib:${LD_LIBRARY_PATH} PYTHONPATH=/home/lee/workspace/vrpn/vrpn2px4/install/px4_msgs/local/lib/python3.10/dist-packages:${PYTHONPATH} /usr/bin/cmake --build /home/lee/workspace/vrpn/vrpn2px4/build/mocap_px4_bridge -- -j32 -l32
[4.464s] DEBUG:colcon.colcon_core.event_handler.log_command:Invoking command in '/home/lee/workspace/vrpn/vrpn2px4/build/mocap_px4_bridge': AMENT_PREFIX_PATH=/home/lee/workspace/vrpn/vrpn2px4/install/px4_msgs:${AMENT_PREFIX_PATH} CMAKE_PREFIX_PATH=/home/lee/workspace/vrpn/vrpn2px4/install/px4_msgs:/opt/ros/humble LD_LIBRARY_PATH=/home/lee/workspace/vrpn/vrpn2px4/install/px4_msgs/lib:${LD_LIBRARY_PATH} PYTHONPATH=/home/lee/workspace/vrpn/vrpn2px4/install/px4_msgs/local/lib/python3.10/dist-packages:${PYTHONPATH} /usr/bin/cmake --install /home/lee/workspace/vrpn/vrpn2px4/build/mocap_px4_bridge
[4.474s] Level 1:colcon.colcon_core.environment:create_environment_scripts_only(mocap_px4_bridge)
[4.474s] Level 1:colcon.colcon_core.environment:checking '/home/lee/workspace/vrpn/vrpn2px4/install/mocap_px4_bridge' for CMake module files
[4.474s] DEBUG:colcon.colcon_core.event_handler.log_command:Invoked command in '/home/lee/workspace/vrpn/vrpn2px4/build/mocap_px4_bridge' returned '0': AMENT_PREFIX_PATH=/home/lee/workspace/vrpn/vrpn2px4/install/px4_msgs:${AMENT_PREFIX_PATH} CMAKE_PREFIX_PATH=/home/lee/workspace/vrpn/vrpn2px4/install/px4_msgs:/opt/ros/humble LD_LIBRARY_PATH=/home/lee/workspace/vrpn/vrpn2px4/install/px4_msgs/lib:${LD_LIBRARY_PATH} PYTHONPATH=/home/lee/workspace/vrpn/vrpn2px4/install/px4_msgs/local/lib/python3.10/dist-packages:${PYTHONPATH} /usr/bin/cmake --install /home/lee/workspace/vrpn/vrpn2px4/build/mocap_px4_bridge
[4.474s] Level 1:colcon.colcon_core.environment:checking '/home/lee/workspace/vrpn/vrpn2px4/install/mocap_px4_bridge' for CMake config files
[4.474s] Level 1:colcon.colcon_core.shell:create_environment_hook('mocap_px4_bridge', 'cmake_prefix_path')
[4.474s] INFO:colcon.colcon_core.shell:Creating environment hook '/home/lee/workspace/vrpn/vrpn2px4/install/mocap_px4_bridge/share/mocap_px4_bridge/hook/cmake_prefix_path.ps1'
[4.475s] INFO:colcon.colcon_core.shell:Creating environment descriptor '/home/lee/workspace/vrpn/vrpn2px4/install/mocap_px4_bridge/share/mocap_px4_bridge/hook/cmake_prefix_path.dsv'
[4.475s] INFO:colcon.colcon_core.shell:Creating environment hook '/home/lee/workspace/vrpn/vrpn2px4/install/mocap_px4_bridge/share/mocap_px4_bridge/hook/cmake_prefix_path.sh'
[4.475s] Level 1:colcon.colcon_core.environment:checking '/home/lee/workspace/vrpn/vrpn2px4/install/mocap_px4_bridge/lib'
[4.475s] Level 1:colcon.colcon_core.environment:checking '/home/lee/workspace/vrpn/vrpn2px4/install/mocap_px4_bridge/bin'
[4.475s] Level 1:colcon.colcon_core.environment:checking '/home/lee/workspace/vrpn/vrpn2px4/install/mocap_px4_bridge/lib/pkgconfig/mocap_px4_bridge.pc'
[4.475s] Level 1:colcon.colcon_core.environment:checking '/home/lee/workspace/vrpn/vrpn2px4/install/mocap_px4_bridge/lib/python3.10/site-packages'
[4.475s] Level 1:colcon.colcon_core.environment:checking '/home/lee/workspace/vrpn/vrpn2px4/install/mocap_px4_bridge/bin'
[4.475s] INFO:colcon.colcon_core.shell:Creating package script '/home/lee/workspace/vrpn/vrpn2px4/install/mocap_px4_bridge/share/mocap_px4_bridge/package.ps1'
[4.476s] INFO:colcon.colcon_core.shell:Creating package descriptor '/home/lee/workspace/vrpn/vrpn2px4/install/mocap_px4_bridge/share/mocap_px4_bridge/package.dsv'
[4.476s] INFO:colcon.colcon_core.shell:Creating package script '/home/lee/workspace/vrpn/vrpn2px4/install/mocap_px4_bridge/share/mocap_px4_bridge/package.sh'
[4.476s] INFO:colcon.colcon_core.shell:Creating package script '/home/lee/workspace/vrpn/vrpn2px4/install/mocap_px4_bridge/share/mocap_px4_bridge/package.bash'
[4.476s] INFO:colcon.colcon_core.shell:Creating package script '/home/lee/workspace/vrpn/vrpn2px4/install/mocap_px4_bridge/share/mocap_px4_bridge/package.zsh'
[4.476s] Level 1:colcon.colcon_core.environment:create_file_with_runtime_dependencies(/home/lee/workspace/vrpn/vrpn2px4/install/mocap_px4_bridge/share/colcon-core/packages/mocap_px4_bridge)
[4.476s] Level 1:colcon.colcon_core.environment:create_environment_scripts_only(mocap_px4_bridge)
[4.476s] Level 1:colcon.colcon_core.environment:checking '/home/lee/workspace/vrpn/vrpn2px4/install/mocap_px4_bridge' for CMake module files
[4.477s] Level 1:colcon.colcon_core.environment:checking '/home/lee/workspace/vrpn/vrpn2px4/install/mocap_px4_bridge' for CMake config files
[4.477s] Level 1:colcon.colcon_core.shell:create_environment_hook('mocap_px4_bridge', 'cmake_prefix_path')
[4.477s] INFO:colcon.colcon_core.shell:Creating environment hook '/home/lee/workspace/vrpn/vrpn2px4/install/mocap_px4_bridge/share/mocap_px4_bridge/hook/cmake_prefix_path.ps1'
[4.477s] INFO:colcon.colcon_core.shell:Creating environment descriptor '/home/lee/workspace/vrpn/vrpn2px4/install/mocap_px4_bridge/share/mocap_px4_bridge/hook/cmake_prefix_path.dsv'
[4.477s] INFO:colcon.colcon_core.shell:Creating environment hook '/home/lee/workspace/vrpn/vrpn2px4/install/mocap_px4_bridge/share/mocap_px4_bridge/hook/cmake_prefix_path.sh'
[4.477s] Level 1:colcon.colcon_core.environment:checking '/home/lee/workspace/vrpn/vrpn2px4/install/mocap_px4_bridge/lib'
[4.477s] Level 1:colcon.colcon_core.environment:checking '/home/lee/workspace/vrpn/vrpn2px4/install/mocap_px4_bridge/bin'
[4.477s] Level 1:colcon.colcon_core.environment:checking '/home/lee/workspace/vrpn/vrpn2px4/install/mocap_px4_bridge/lib/pkgconfig/mocap_px4_bridge.pc'
[4.477s] Level 1:colcon.colcon_core.environment:checking '/home/lee/workspace/vrpn/vrpn2px4/install/mocap_px4_bridge/lib/python3.10/site-packages'
[4.477s] Level 1:colcon.colcon_core.environment:checking '/home/lee/workspace/vrpn/vrpn2px4/install/mocap_px4_bridge/bin'
[4.477s] INFO:colcon.colcon_core.shell:Creating package script '/home/lee/workspace/vrpn/vrpn2px4/install/mocap_px4_bridge/share/mocap_px4_bridge/package.ps1'
[4.478s] INFO:colcon.colcon_core.shell:Creating package descriptor '/home/lee/workspace/vrpn/vrpn2px4/install/mocap_px4_bridge/share/mocap_px4_bridge/package.dsv'
[4.478s] INFO:colcon.colcon_core.shell:Creating package script '/home/lee/workspace/vrpn/vrpn2px4/install/mocap_px4_bridge/share/mocap_px4_bridge/package.sh'
[4.478s] INFO:colcon.colcon_core.shell:Creating package script '/home/lee/workspace/vrpn/vrpn2px4/install/mocap_px4_bridge/share/mocap_px4_bridge/package.bash'
[4.478s] INFO:colcon.colcon_core.shell:Creating package script '/home/lee/workspace/vrpn/vrpn2px4/install/mocap_px4_bridge/share/mocap_px4_bridge/package.zsh'
[4.478s] Level 1:colcon.colcon_core.environment:create_file_with_runtime_dependencies(/home/lee/workspace/vrpn/vrpn2px4/install/mocap_px4_bridge/share/colcon-core/packages/mocap_px4_bridge)
[4.478s] DEBUG:colcon.colcon_parallel_executor.executor.parallel:closing loop
[4.478s] DEBUG:colcon.colcon_parallel_executor.executor.parallel:loop closed
[4.478s] DEBUG:colcon.colcon_parallel_executor.executor.parallel:run_until_complete finished with '0'
[4.478s] DEBUG:colcon.colcon_core.event_reactor:joining thread
[4.480s] INFO:colcon.colcon_core.plugin_system:Skipping extension 'colcon_notification.desktop_notification.terminal_notifier': Not used on non-Darwin systems
[4.480s] INFO:colcon.colcon_core.plugin_system:Skipping extension 'colcon_notification.desktop_notification.win32': Not used on non-Windows systems
[4.480s] INFO:colcon.colcon_notification.desktop_notification:Sending desktop notification using 'notify2'
[4.485s] DEBUG:colcon.colcon_core.event_reactor:joined thread
[4.485s] INFO:colcon.colcon_core.shell:Creating prefix script '/home/lee/workspace/vrpn/vrpn2px4/install/local_setup.ps1'
[4.485s] INFO:colcon.colcon_core.shell:Creating prefix util module '/home/lee/workspace/vrpn/vrpn2px4/install/_local_setup_util_ps1.py'
[4.486s] INFO:colcon.colcon_core.shell:Creating prefix chain script '/home/lee/workspace/vrpn/vrpn2px4/install/setup.ps1'
[4.486s] INFO:colcon.colcon_core.shell:Creating prefix script '/home/lee/workspace/vrpn/vrpn2px4/install/local_setup.sh'
[4.486s] INFO:colcon.colcon_core.shell:Creating prefix util module '/home/lee/workspace/vrpn/vrpn2px4/install/_local_setup_util_sh.py'
[4.487s] INFO:colcon.colcon_core.shell:Creating prefix chain script '/home/lee/workspace/vrpn/vrpn2px4/install/setup.sh'
[4.487s] INFO:colcon.colcon_core.shell:Creating prefix script '/home/lee/workspace/vrpn/vrpn2px4/install/local_setup.bash'
[4.487s] INFO:colcon.colcon_core.shell:Creating prefix chain script '/home/lee/workspace/vrpn/vrpn2px4/install/setup.bash'
[4.487s] INFO:colcon.colcon_core.shell:Creating prefix script '/home/lee/workspace/vrpn/vrpn2px4/install/local_setup.zsh'
[4.488s] INFO:colcon.colcon_core.shell:Creating prefix chain script '/home/lee/workspace/vrpn/vrpn2px4/install/setup.zsh'
