[0.004s] Invoking command in '/home/lee/workspace/vrpn/vrpn2px4/build/mocap_optitrack': CMAKE_PREFIX_PATH=/opt/ros/humble /usr/bin/cmake --build /home/lee/workspace/vrpn/vrpn2px4/build/mocap_optitrack -- -j32 -l32
[0.033s] [35m[1mConsolidate compiler generated dependencies of target mocap_optitrack_mocap_node[0m
[0.050s] [100%] Built target mocap_optitrack_mocap_node
[0.055s] Invoked command in '/home/lee/workspace/vrpn/vrpn2px4/build/mocap_optitrack' returned '0': CMAKE_PREFIX_PATH=/opt/ros/humble /usr/bin/cmake --build /home/lee/workspace/vrpn/vrpn2px4/build/mocap_optitrack -- -j32 -l32
[0.061s] Invoking command in '/home/lee/workspace/vrpn/vrpn2px4/build/mocap_optitrack': CMAKE_PREFIX_PATH=/opt/ros/humble /usr/bin/cmake --install /home/lee/workspace/vrpn/vrpn2px4/build/mocap_optitrack
[0.064s] -- Install configuration: ""
[0.064s] -- Execute custom install script
[0.064s] -- Up-to-date symlink: /home/lee/workspace/vrpn/vrpn2px4/install/mocap_optitrack/lib/mocap_optitrack/mocap_node
[0.064s] -- Up-to-date symlink: /home/lee/workspace/vrpn/vrpn2px4/install/mocap_optitrack/share/mocap_optitrack//launch/mocap.launch.py
[0.064s] -- Up-to-date symlink: /home/lee/workspace/vrpn/vrpn2px4/install/mocap_optitrack/share/mocap_optitrack//config/mocap.yaml
[0.064s] -- Up-to-date symlink: /home/lee/workspace/vrpn/vrpn2px4/install/mocap_optitrack/share/ament_index/resource_index/package_run_dependencies/mocap_optitrack
[0.064s] -- Up-to-date symlink: /home/lee/workspace/vrpn/vrpn2px4/install/mocap_optitrack/share/ament_index/resource_index/parent_prefix_path/mocap_optitrack
[0.065s] -- Up-to-date symlink: /home/lee/workspace/vrpn/vrpn2px4/install/mocap_optitrack/share/mocap_optitrack/environment/ament_prefix_path.sh
[0.065s] -- Up-to-date symlink: /home/lee/workspace/vrpn/vrpn2px4/install/mocap_optitrack/share/mocap_optitrack/environment/ament_prefix_path.dsv
[0.065s] -- Up-to-date symlink: /home/lee/workspace/vrpn/vrpn2px4/install/mocap_optitrack/share/mocap_optitrack/environment/path.sh
[0.065s] -- Up-to-date symlink: /home/lee/workspace/vrpn/vrpn2px4/install/mocap_optitrack/share/mocap_optitrack/environment/path.dsv
[0.065s] -- Up-to-date symlink: /home/lee/workspace/vrpn/vrpn2px4/install/mocap_optitrack/share/mocap_optitrack/local_setup.bash
[0.065s] -- Up-to-date symlink: /home/lee/workspace/vrpn/vrpn2px4/install/mocap_optitrack/share/mocap_optitrack/local_setup.sh
[0.065s] -- Up-to-date symlink: /home/lee/workspace/vrpn/vrpn2px4/install/mocap_optitrack/share/mocap_optitrack/local_setup.zsh
[0.065s] -- Up-to-date symlink: /home/lee/workspace/vrpn/vrpn2px4/install/mocap_optitrack/share/mocap_optitrack/local_setup.dsv
[0.065s] -- Symlinking: /home/lee/workspace/vrpn/vrpn2px4/install/mocap_optitrack/share/mocap_optitrack/package.dsv
[0.069s] -- Up-to-date symlink: /home/lee/workspace/vrpn/vrpn2px4/install/mocap_optitrack/share/ament_index/resource_index/packages/mocap_optitrack
[0.069s] -- Up-to-date symlink: /home/lee/workspace/vrpn/vrpn2px4/install/mocap_optitrack/share/mocap_optitrack/cmake/mocap_optitrackConfig.cmake
[0.069s] -- Up-to-date symlink: /home/lee/workspace/vrpn/vrpn2px4/install/mocap_optitrack/share/mocap_optitrack/cmake/mocap_optitrackConfig-version.cmake
[0.069s] -- Up-to-date symlink: /home/lee/workspace/vrpn/vrpn2px4/install/mocap_optitrack/share/mocap_optitrack/package.xml
[0.070s] Invoked command in '/home/lee/workspace/vrpn/vrpn2px4/build/mocap_optitrack' returned '0': CMAKE_PREFIX_PATH=/opt/ros/humble /usr/bin/cmake --install /home/lee/workspace/vrpn/vrpn2px4/build/mocap_optitrack
