[0.006s] Invoking command in '/home/lee/workspace/vrpn/build/mocap_px4_bridge': CMAKE_PREFIX_PATH=/home/lee/workspace/vrpn/install/px4_msgs:/home/lee/workspace/vrpn/install/vrpn_mocap:/home/lee/workspace/vrpn/install/mocap_px4_bridge:/home/lee/workspace/vrpn/install/mocap_optitrack:/home/lee/workspace/ros2_ex/install/sensor:/home/lee/workspace/ros2_ex/install/ground:/home/lee/workspace/ros2_ex/install/MAV1:/home/lee/workspace/ros2_ex/install/px4_msgs:/opt/ros/humble /usr/bin/cmake --build /home/lee/workspace/vrpn/build/mocap_px4_bridge -- -j32 -l32
[0.029s] [35m[1mConsolidate compiler generated dependencies of target mocap_px4_bridge[0m
[0.036s] [100%] Built target mocap_px4_bridge
[0.042s] Invoked command in '/home/lee/workspace/vrpn/build/mocap_px4_bridge' returned '0': CMAKE_PREFIX_PATH=/home/lee/workspace/vrpn/install/px4_msgs:/home/lee/workspace/vrpn/install/vrpn_mocap:/home/lee/workspace/vrpn/install/mocap_px4_bridge:/home/lee/workspace/vrpn/install/mocap_optitrack:/home/lee/workspace/ros2_ex/install/sensor:/home/lee/workspace/ros2_ex/install/ground:/home/lee/workspace/ros2_ex/install/MAV1:/home/lee/workspace/ros2_ex/install/px4_msgs:/opt/ros/humble /usr/bin/cmake --build /home/lee/workspace/vrpn/build/mocap_px4_bridge -- -j32 -l32
[0.043s] Invoking command in '/home/lee/workspace/vrpn/build/mocap_px4_bridge': CMAKE_PREFIX_PATH=/home/lee/workspace/vrpn/install/px4_msgs:/home/lee/workspace/vrpn/install/vrpn_mocap:/home/lee/workspace/vrpn/install/mocap_px4_bridge:/home/lee/workspace/vrpn/install/mocap_optitrack:/home/lee/workspace/ros2_ex/install/sensor:/home/lee/workspace/ros2_ex/install/ground:/home/lee/workspace/ros2_ex/install/MAV1:/home/lee/workspace/ros2_ex/install/px4_msgs:/opt/ros/humble /usr/bin/cmake --install /home/lee/workspace/vrpn/build/mocap_px4_bridge
[0.047s] -- Install configuration: ""
[0.047s] -- Execute custom install script
[0.047s] -- Up-to-date symlink: /home/lee/workspace/vrpn/install/mocap_px4_bridge/lib/mocap_px4_bridge/mocap_px4_bridge
[0.048s] -- Up-to-date symlink: /home/lee/workspace/vrpn/install/mocap_px4_bridge/share/mocap_px4_bridge//launch/run.launch.py
[0.048s] -- Up-to-date symlink: /home/lee/workspace/vrpn/install/mocap_px4_bridge/share/mocap_px4_bridge//config/params.yaml
[0.048s] -- Up-to-date symlink: /home/lee/workspace/vrpn/install/mocap_px4_bridge/share/ament_index/resource_index/package_run_dependencies/mocap_px4_bridge
[0.048s] -- Up-to-date symlink: /home/lee/workspace/vrpn/install/mocap_px4_bridge/share/ament_index/resource_index/parent_prefix_path/mocap_px4_bridge
[0.048s] -- Up-to-date symlink: /home/lee/workspace/vrpn/install/mocap_px4_bridge/share/mocap_px4_bridge/environment/ament_prefix_path.sh
[0.048s] -- Up-to-date symlink: /home/lee/workspace/vrpn/install/mocap_px4_bridge/share/mocap_px4_bridge/environment/ament_prefix_path.dsv
[0.048s] -- Up-to-date symlink: /home/lee/workspace/vrpn/install/mocap_px4_bridge/share/mocap_px4_bridge/environment/path.sh
[0.048s] -- Up-to-date symlink: /home/lee/workspace/vrpn/install/mocap_px4_bridge/share/mocap_px4_bridge/environment/path.dsv
[0.048s] -- Up-to-date symlink: /home/lee/workspace/vrpn/install/mocap_px4_bridge/share/mocap_px4_bridge/local_setup.bash
[0.049s] -- Up-to-date symlink: /home/lee/workspace/vrpn/install/mocap_px4_bridge/share/mocap_px4_bridge/local_setup.sh
[0.049s] -- Up-to-date symlink: /home/lee/workspace/vrpn/install/mocap_px4_bridge/share/mocap_px4_bridge/local_setup.zsh
[0.049s] -- Up-to-date symlink: /home/lee/workspace/vrpn/install/mocap_px4_bridge/share/mocap_px4_bridge/local_setup.dsv
[0.049s] -- Symlinking: /home/lee/workspace/vrpn/install/mocap_px4_bridge/share/mocap_px4_bridge/package.dsv
[0.054s] -- Up-to-date symlink: /home/lee/workspace/vrpn/install/mocap_px4_bridge/share/ament_index/resource_index/packages/mocap_px4_bridge
[0.054s] -- Up-to-date symlink: /home/lee/workspace/vrpn/install/mocap_px4_bridge/share/mocap_px4_bridge/cmake/mocap_px4_bridgeConfig.cmake
[0.054s] -- Up-to-date symlink: /home/lee/workspace/vrpn/install/mocap_px4_bridge/share/mocap_px4_bridge/cmake/mocap_px4_bridgeConfig-version.cmake
[0.054s] -- Up-to-date symlink: /home/lee/workspace/vrpn/install/mocap_px4_bridge/share/mocap_px4_bridge/package.xml
[0.055s] Invoked command in '/home/lee/workspace/vrpn/build/mocap_px4_bridge' returned '0': CMAKE_PREFIX_PATH=/home/lee/workspace/vrpn/install/px4_msgs:/home/lee/workspace/vrpn/install/vrpn_mocap:/home/lee/workspace/vrpn/install/mocap_px4_bridge:/home/lee/workspace/vrpn/install/mocap_optitrack:/home/lee/workspace/ros2_ex/install/sensor:/home/lee/workspace/ros2_ex/install/ground:/home/lee/workspace/ros2_ex/install/MAV1:/home/lee/workspace/ros2_ex/install/px4_msgs:/opt/ros/humble /usr/bin/cmake --install /home/lee/workspace/vrpn/build/mocap_px4_bridge
