[0.004s] Invoking command in '/home/lee/workspace/vrpn_mocap/build/vrpn_mocap': CMAKE_PREFIX_PATH=/opt/ros/humble /usr/bin/cmake /home/lee/workspace/vrpn_mocap -DCMAKE_INSTALL_PREFIX=/home/lee/workspace/vrpn_mocap/install/vrpn_mocap
[0.037s] -- The C compiler identification is GNU 11.4.0
[0.063s] -- The CXX compiler identification is GNU 11.4.0
[0.066s] -- Detecting C compiler ABI info
[0.104s] -- Detecting C compiler ABI info - done
[0.109s] -- Check for working C compiler: /usr/bin/cc - skipped
[0.109s] -- Detecting C compile features
[0.109s] -- Detecting C compile features - done
[0.110s] -- Detecting CXX compiler ABI info
[0.150s] -- Detecting CXX compiler ABI info - done
[0.154s] -- Check for working CXX compiler: /usr/bin/c++ - skipped
[0.154s] -- Detecting CXX compile features
[0.154s] -- Detecting CXX compile features - done
[0.155s] -- Found ament_cmake: 1.3.11 (/opt/ros/humble/share/ament_cmake/cmake)
[0.317s] -- Found Python3: /usr/bin/python3 (found version "3.10.12") found components: Interpreter 
[0.366s] -- Found quatlib: /opt/ros/humble/lib/libquat.a  
[0.366s] -- Looking for pthread.h
[0.410s] -- Looking for pthread.h - found
[0.410s] -- Performing Test CMAKE_HAVE_LIBC_PTHREAD
[0.447s] -- Performing Test CMAKE_HAVE_LIBC_PTHREAD - Success
[0.448s] -- Found Threads: TRUE  
[0.449s] -- Found VRPN: /opt/ros/humble/lib/libvrpn.a  
[0.449s] -- Found rclcpp: 16.0.12 (/opt/ros/humble/share/rclcpp/cmake)
[0.464s] -- Found rosidl_generator_c: 3.1.6 (/opt/ros/humble/share/rosidl_generator_c/cmake)
[0.466s] -- Found rosidl_adapter: 3.1.6 (/opt/ros/humble/share/rosidl_adapter/cmake)
[0.469s] -- Found rosidl_generator_cpp: 3.1.6 (/opt/ros/humble/share/rosidl_generator_cpp/cmake)
[0.473s] -- Using all available rosidl_typesupport_c: rosidl_typesupport_fastrtps_c;rosidl_typesupport_introspection_c
[0.480s] -- Using all available rosidl_typesupport_cpp: rosidl_typesupport_fastrtps_cpp;rosidl_typesupport_introspection_cpp
[0.496s] -- Found rmw_implementation_cmake: 6.1.2 (/opt/ros/humble/share/rmw_implementation_cmake/cmake)
[0.497s] -- Found rmw_fastrtps_cpp: 6.2.7 (/opt/ros/humble/share/rmw_fastrtps_cpp/cmake)
[0.541s] -- Found OpenSSL: /usr/lib/x86_64-linux-gnu/libcrypto.so (found version "3.0.2")  
[0.551s] -- Found FastRTPS: /opt/ros/humble/include  
[0.571s] -- Using RMW implementation 'rmw_fastrtps_cpp' as default
[0.595s] -- Found geometry_msgs: 4.8.0 (/opt/ros/humble/share/geometry_msgs/cmake)
[0.600s] -- Found eigen3_cmake_module: 0.1.1 (/opt/ros/humble/share/eigen3_cmake_module/cmake)
[0.604s] -- Found Eigen3: TRUE (found version "3.4.0") 
[0.605s] -- Found ament_lint_auto: 0.12.12 (/opt/ros/humble/share/ament_lint_auto/cmake)
[0.639s] -- Added test 'copyright' to check source files copyright and LICENSE
[0.641s] -- Added test 'cppcheck' to perform static code analysis on C / C++ code
[0.641s] -- Configured cppcheck include dirs: /opt/ros/humble/include/rclcpp;/opt/ros/humble/include/rclcpp;$<BUILD_INTERFACE:/home/lee/workspace/vrpn_mocap/include>
[0.641s] -- Configured cppcheck exclude dirs and/or files: 
[0.643s] -- Added test 'cpplint' to check C / C++ code against the Google style
[0.643s] -- Configured cpplint exclude dirs and/or files: 
[0.644s] -- Added test 'lint_cmake' to check CMake code style
[0.646s] -- Added test 'uncrustify' to check C / C++ code style
[0.646s] -- Configured uncrustify additional arguments: 
[0.647s] -- Added test 'xmllint' to check XML markup files
[0.647s] -- Configuring done
[0.652s] -- Generating done
[0.653s] -- Build files have been written to: /home/lee/workspace/vrpn_mocap/build/vrpn_mocap
[0.658s] Invoked command in '/home/lee/workspace/vrpn_mocap/build/vrpn_mocap' returned '0': CMAKE_PREFIX_PATH=/opt/ros/humble /usr/bin/cmake /home/lee/workspace/vrpn_mocap -DCMAKE_INSTALL_PREFIX=/home/lee/workspace/vrpn_mocap/install/vrpn_mocap
[0.659s] Invoking command in '/home/lee/workspace/vrpn_mocap/build/vrpn_mocap': CMAKE_PREFIX_PATH=/opt/ros/humble /usr/bin/cmake --build /home/lee/workspace/vrpn_mocap/build/vrpn_mocap -- -j32 -l32
[0.686s] [ 20%] [32mBuilding CXX object CMakeFiles/vrpn_mocap.dir/src/client.cpp.o[0m
[0.688s] [ 40%] [32mBuilding CXX object CMakeFiles/vrpn_mocap.dir/src/tracker.cpp.o[0m
[4.122s] [ 60%] [32m[1mLinking CXX static library libvrpn_mocap.a[0m
[4.217s] [ 60%] Built target vrpn_mocap
[4.228s] [ 80%] [32mBuilding CXX object CMakeFiles/client_node.dir/src/client_node.cpp.o[0m
[5.335s] [100%] [32m[1mLinking CXX executable client_node[0m
[5.482s] [100%] Built target client_node
[5.489s] Invoked command in '/home/lee/workspace/vrpn_mocap/build/vrpn_mocap' returned '0': CMAKE_PREFIX_PATH=/opt/ros/humble /usr/bin/cmake --build /home/lee/workspace/vrpn_mocap/build/vrpn_mocap -- -j32 -l32
[5.494s] Invoking command in '/home/lee/workspace/vrpn_mocap/build/vrpn_mocap': CMAKE_PREFIX_PATH=/opt/ros/humble /usr/bin/cmake --install /home/lee/workspace/vrpn_mocap/build/vrpn_mocap
[5.497s] -- Install configuration: ""
[5.497s] -- Installing: /home/lee/workspace/vrpn_mocap/install/vrpn_mocap/lib/vrpn_mocap/libvrpn_mocap.a
[5.500s] -- Installing: /home/lee/workspace/vrpn_mocap/install/vrpn_mocap/lib/vrpn_mocap/client_node
[5.501s] -- Set runtime path of "/home/lee/workspace/vrpn_mocap/install/vrpn_mocap/lib/vrpn_mocap/client_node" to ""
[5.501s] -- Installing: /home/lee/workspace/vrpn_mocap/install/vrpn_mocap/share/vrpn_mocap/launch
[5.501s] -- Installing: /home/lee/workspace/vrpn_mocap/install/vrpn_mocap/share/vrpn_mocap/launch/client.launch.yaml
[5.501s] -- Installing: /home/lee/workspace/vrpn_mocap/install/vrpn_mocap/share/vrpn_mocap/config
[5.501s] -- Installing: /home/lee/workspace/vrpn_mocap/install/vrpn_mocap/share/vrpn_mocap/config/client.yaml
[5.501s] -- Installing: /home/lee/workspace/vrpn_mocap/install/vrpn_mocap/share/ament_index/resource_index/package_run_dependencies/vrpn_mocap
[5.501s] -- Installing: /home/lee/workspace/vrpn_mocap/install/vrpn_mocap/share/ament_index/resource_index/parent_prefix_path/vrpn_mocap
[5.501s] -- Installing: /home/lee/workspace/vrpn_mocap/install/vrpn_mocap/share/vrpn_mocap/environment/ament_prefix_path.sh
[5.501s] -- Installing: /home/lee/workspace/vrpn_mocap/install/vrpn_mocap/share/vrpn_mocap/environment/ament_prefix_path.dsv
[5.501s] -- Installing: /home/lee/workspace/vrpn_mocap/install/vrpn_mocap/share/vrpn_mocap/environment/path.sh
[5.501s] -- Installing: /home/lee/workspace/vrpn_mocap/install/vrpn_mocap/share/vrpn_mocap/environment/path.dsv
[5.501s] -- Installing: /home/lee/workspace/vrpn_mocap/install/vrpn_mocap/share/vrpn_mocap/local_setup.bash
[5.501s] -- Installing: /home/lee/workspace/vrpn_mocap/install/vrpn_mocap/share/vrpn_mocap/local_setup.sh
[5.501s] -- Installing: /home/lee/workspace/vrpn_mocap/install/vrpn_mocap/share/vrpn_mocap/local_setup.zsh
[5.501s] -- Installing: /home/lee/workspace/vrpn_mocap/install/vrpn_mocap/share/vrpn_mocap/local_setup.dsv
[5.501s] -- Installing: /home/lee/workspace/vrpn_mocap/install/vrpn_mocap/share/vrpn_mocap/package.dsv
[5.501s] -- Installing: /home/lee/workspace/vrpn_mocap/install/vrpn_mocap/share/ament_index/resource_index/packages/vrpn_mocap
[5.502s] -- Installing: /home/lee/workspace/vrpn_mocap/install/vrpn_mocap/share/vrpn_mocap/cmake/vrpn_mocapConfig.cmake
[5.502s] -- Installing: /home/lee/workspace/vrpn_mocap/install/vrpn_mocap/share/vrpn_mocap/cmake/vrpn_mocapConfig-version.cmake
[5.502s] -- Installing: /home/lee/workspace/vrpn_mocap/install/vrpn_mocap/share/vrpn_mocap/package.xml
[5.503s] Invoked command in '/home/lee/workspace/vrpn_mocap/build/vrpn_mocap' returned '0': CMAKE_PREFIX_PATH=/opt/ros/humble /usr/bin/cmake --install /home/lee/workspace/vrpn_mocap/build/vrpn_mocap
