[0.006s] Invoking command in '/home/lee/workspace/vrpn/build/mocap_optitrack': CMAKE_PREFIX_PATH=${CMAKE_PREFIX_PATH}:/opt/ros/humble /usr/bin/cmake --build /home/lee/workspace/vrpn/build/mocap_optitrack -- -j32 -l32
[0.055s] [100%] Built target mocap_optitrack_mocap_node
[0.062s] Invoked command in '/home/lee/workspace/vrpn/build/mocap_optitrack' returned '0': CMAKE_PREFIX_PATH=${CMAKE_PREFIX_PATH}:/opt/ros/humble /usr/bin/cmake --build /home/lee/workspace/vrpn/build/mocap_optitrack -- -j32 -l32
[0.066s] Invoking command in '/home/lee/workspace/vrpn/build/mocap_optitrack': CMAKE_PREFIX_PATH=${CMAKE_PREFIX_PATH}:/opt/ros/humble /usr/bin/cmake --install /home/lee/workspace/vrpn/build/mocap_optitrack
[0.069s] -- Install configuration: ""
[0.069s] -- Execute custom install script
[0.069s] -- Up-to-date symlink: /home/lee/workspace/vrpn/install/mocap_optitrack/lib/mocap_optitrack/mocap_node
[0.069s] -- Up-to-date symlink: /home/lee/workspace/vrpn/install/mocap_optitrack/share/mocap_optitrack//launch/mocap.launch.py
[0.069s] -- Up-to-date symlink: /home/lee/workspace/vrpn/install/mocap_optitrack/share/mocap_optitrack//config/mocap.yaml
[0.069s] -- Up-to-date symlink: /home/lee/workspace/vrpn/install/mocap_optitrack/share/ament_index/resource_index/package_run_dependencies/mocap_optitrack
[0.069s] -- Up-to-date symlink: /home/lee/workspace/vrpn/install/mocap_optitrack/share/ament_index/resource_index/parent_prefix_path/mocap_optitrack
[0.069s] -- Up-to-date symlink: /home/lee/workspace/vrpn/install/mocap_optitrack/share/mocap_optitrack/environment/ament_prefix_path.sh
[0.070s] -- Up-to-date symlink: /home/lee/workspace/vrpn/install/mocap_optitrack/share/mocap_optitrack/environment/ament_prefix_path.dsv
[0.070s] -- Up-to-date symlink: /home/lee/workspace/vrpn/install/mocap_optitrack/share/mocap_optitrack/environment/path.sh
[0.070s] -- Up-to-date symlink: /home/lee/workspace/vrpn/install/mocap_optitrack/share/mocap_optitrack/environment/path.dsv
[0.070s] -- Up-to-date symlink: /home/lee/workspace/vrpn/install/mocap_optitrack/share/mocap_optitrack/local_setup.bash
[0.070s] -- Up-to-date symlink: /home/lee/workspace/vrpn/install/mocap_optitrack/share/mocap_optitrack/local_setup.sh
[0.070s] -- Up-to-date symlink: /home/lee/workspace/vrpn/install/mocap_optitrack/share/mocap_optitrack/local_setup.zsh
[0.070s] -- Up-to-date symlink: /home/lee/workspace/vrpn/install/mocap_optitrack/share/mocap_optitrack/local_setup.dsv
[0.070s] -- Symlinking: /home/lee/workspace/vrpn/install/mocap_optitrack/share/mocap_optitrack/package.dsv
[0.075s] -- Up-to-date symlink: /home/lee/workspace/vrpn/install/mocap_optitrack/share/ament_index/resource_index/packages/mocap_optitrack
[0.075s] -- Up-to-date symlink: /home/lee/workspace/vrpn/install/mocap_optitrack/share/mocap_optitrack/cmake/mocap_optitrackConfig.cmake
[0.075s] -- Up-to-date symlink: /home/lee/workspace/vrpn/install/mocap_optitrack/share/mocap_optitrack/cmake/mocap_optitrackConfig-version.cmake
[0.075s] -- Up-to-date symlink: /home/lee/workspace/vrpn/install/mocap_optitrack/share/mocap_optitrack/package.xml
[0.076s] Invoked command in '/home/lee/workspace/vrpn/build/mocap_optitrack' returned '0': CMAKE_PREFIX_PATH=${CMAKE_PREFIX_PATH}:/opt/ros/humble /usr/bin/cmake --install /home/lee/workspace/vrpn/build/mocap_optitrack
