[0.005s] Invoking command in '/home/lee/workspace/vrpn/build/mocap_px4_bridge': CMAKE_PREFIX_PATH=/home/lee/workspace/vrpn/install/px4_msgs:/home/lee/workspace/vrpn/install/vrpn_mocap:/home/lee/workspace/vrpn/install/mocap_px4_bridge:/home/lee/workspace/vrpn/install/mocap_optitrack:/home/lee/workspace/ros2_ex/install/sensor:/home/lee/workspace/ros2_ex/install/ground:/home/lee/workspace/ros2_ex/install/MAV1:/home/lee/workspace/ros2_ex/install/px4_msgs:/opt/ros/humble /usr/bin/cmake /home/lee/workspace/vrpn/vrpn2px4/src/mocap_px4_bridge -DCMAKE_INSTALL_PREFIX=/home/lee/workspace/vrpn/install/mocap_px4_bridge
[0.011s] -- Found ament_cmake: 1.3.11 (/opt/ros/humble/share/ament_cmake/cmake)
[0.068s] -- Override CMake install command with custom implementation using symlinks instead of copying resources
[0.071s] -- Found rclcpp: 16.0.12 (/opt/ros/humble/share/rclcpp/cmake)
[0.083s] -- Found rosidl_generator_c: 3.1.6 (/opt/ros/humble/share/rosidl_generator_c/cmake)
[0.084s] -- Found rosidl_adapter: 3.1.6 (/opt/ros/humble/share/rosidl_adapter/cmake)
[0.087s] -- Found rosidl_generator_cpp: 3.1.6 (/opt/ros/humble/share/rosidl_generator_cpp/cmake)
[0.091s] -- Using all available rosidl_typesupport_c: rosidl_typesupport_fastrtps_c;rosidl_typesupport_introspection_c
[0.095s] -- Using all available rosidl_typesupport_cpp: rosidl_typesupport_fastrtps_cpp;rosidl_typesupport_introspection_cpp
[0.109s] -- Found rmw_implementation_cmake: 6.1.2 (/opt/ros/humble/share/rmw_implementation_cmake/cmake)
[0.109s] -- Found rmw_fastrtps_cpp: 6.2.7 (/opt/ros/humble/share/rmw_fastrtps_cpp/cmake)
[0.158s] -- Using RMW implementation 'rmw_fastrtps_cpp' as default
[0.179s] -- Found px4_msgs: 2.0.1 (/home/lee/workspace/vrpn/install/px4_msgs/share/px4_msgs/cmake)
[0.183s] -- Found geometry_msgs: 4.9.0 (/opt/ros/humble/share/geometry_msgs/cmake)
[0.217s] -- Configuring done
[0.220s] -- Generating done
[0.222s] -- Build files have been written to: /home/lee/workspace/vrpn/build/mocap_px4_bridge
[0.226s] Invoked command in '/home/lee/workspace/vrpn/build/mocap_px4_bridge' returned '0': CMAKE_PREFIX_PATH=/home/lee/workspace/vrpn/install/px4_msgs:/home/lee/workspace/vrpn/install/vrpn_mocap:/home/lee/workspace/vrpn/install/mocap_px4_bridge:/home/lee/workspace/vrpn/install/mocap_optitrack:/home/lee/workspace/ros2_ex/install/sensor:/home/lee/workspace/ros2_ex/install/ground:/home/lee/workspace/ros2_ex/install/MAV1:/home/lee/workspace/ros2_ex/install/px4_msgs:/opt/ros/humble /usr/bin/cmake /home/lee/workspace/vrpn/vrpn2px4/src/mocap_px4_bridge -DCMAKE_INSTALL_PREFIX=/home/lee/workspace/vrpn/install/mocap_px4_bridge
[0.226s] Invoking command in '/home/lee/workspace/vrpn/build/mocap_px4_bridge': CMAKE_PREFIX_PATH=/home/lee/workspace/vrpn/install/px4_msgs:/home/lee/workspace/vrpn/install/vrpn_mocap:/home/lee/workspace/vrpn/install/mocap_px4_bridge:/home/lee/workspace/vrpn/install/mocap_optitrack:/home/lee/workspace/ros2_ex/install/sensor:/home/lee/workspace/ros2_ex/install/ground:/home/lee/workspace/ros2_ex/install/MAV1:/home/lee/workspace/ros2_ex/install/px4_msgs:/opt/ros/humble /usr/bin/cmake --build /home/lee/workspace/vrpn/build/mocap_px4_bridge -- -j32 -l32
[0.249s] [35m[1mConsolidate compiler generated dependencies of target mocap_px4_bridge[0m
[0.259s] [100%] Built target mocap_px4_bridge
[0.264s] Invoked command in '/home/lee/workspace/vrpn/build/mocap_px4_bridge' returned '0': CMAKE_PREFIX_PATH=/home/lee/workspace/vrpn/install/px4_msgs:/home/lee/workspace/vrpn/install/vrpn_mocap:/home/lee/workspace/vrpn/install/mocap_px4_bridge:/home/lee/workspace/vrpn/install/mocap_optitrack:/home/lee/workspace/ros2_ex/install/sensor:/home/lee/workspace/ros2_ex/install/ground:/home/lee/workspace/ros2_ex/install/MAV1:/home/lee/workspace/ros2_ex/install/px4_msgs:/opt/ros/humble /usr/bin/cmake --build /home/lee/workspace/vrpn/build/mocap_px4_bridge -- -j32 -l32
[0.265s] Invoking command in '/home/lee/workspace/vrpn/build/mocap_px4_bridge': CMAKE_PREFIX_PATH=/home/lee/workspace/vrpn/install/px4_msgs:/home/lee/workspace/vrpn/install/vrpn_mocap:/home/lee/workspace/vrpn/install/mocap_px4_bridge:/home/lee/workspace/vrpn/install/mocap_optitrack:/home/lee/workspace/ros2_ex/install/sensor:/home/lee/workspace/ros2_ex/install/ground:/home/lee/workspace/ros2_ex/install/MAV1:/home/lee/workspace/ros2_ex/install/px4_msgs:/opt/ros/humble /usr/bin/cmake --install /home/lee/workspace/vrpn/build/mocap_px4_bridge
[0.269s] -- Install configuration: ""
[0.269s] -- Execute custom install script
[0.269s] -- Up-to-date symlink: /home/lee/workspace/vrpn/install/mocap_px4_bridge/lib/mocap_px4_bridge/mocap_px4_bridge
[0.270s] -- Up-to-date symlink: /home/lee/workspace/vrpn/install/mocap_px4_bridge/share/mocap_px4_bridge//launch/run.launch.py
[0.270s] -- Up-to-date symlink: /home/lee/workspace/vrpn/install/mocap_px4_bridge/share/mocap_px4_bridge//config/params.yaml
[0.270s] -- Up-to-date symlink: /home/lee/workspace/vrpn/install/mocap_px4_bridge/share/ament_index/resource_index/package_run_dependencies/mocap_px4_bridge
[0.270s] -- Up-to-date symlink: /home/lee/workspace/vrpn/install/mocap_px4_bridge/share/ament_index/resource_index/parent_prefix_path/mocap_px4_bridge
[0.270s] -- Up-to-date symlink: /home/lee/workspace/vrpn/install/mocap_px4_bridge/share/mocap_px4_bridge/environment/ament_prefix_path.sh
[0.270s] -- Up-to-date symlink: /home/lee/workspace/vrpn/install/mocap_px4_bridge/share/mocap_px4_bridge/environment/ament_prefix_path.dsv
[0.270s] -- Up-to-date symlink: /home/lee/workspace/vrpn/install/mocap_px4_bridge/share/mocap_px4_bridge/environment/path.sh
[0.270s] -- Up-to-date symlink: /home/lee/workspace/vrpn/install/mocap_px4_bridge/share/mocap_px4_bridge/environment/path.dsv
[0.270s] -- Up-to-date symlink: /home/lee/workspace/vrpn/install/mocap_px4_bridge/share/mocap_px4_bridge/local_setup.bash
[0.270s] -- Up-to-date symlink: /home/lee/workspace/vrpn/install/mocap_px4_bridge/share/mocap_px4_bridge/local_setup.sh
[0.271s] -- Up-to-date symlink: /home/lee/workspace/vrpn/install/mocap_px4_bridge/share/mocap_px4_bridge/local_setup.zsh
[0.271s] -- Up-to-date symlink: /home/lee/workspace/vrpn/install/mocap_px4_bridge/share/mocap_px4_bridge/local_setup.dsv
[0.271s] -- Symlinking: /home/lee/workspace/vrpn/install/mocap_px4_bridge/share/mocap_px4_bridge/package.dsv
[0.274s] -- Up-to-date symlink: /home/lee/workspace/vrpn/install/mocap_px4_bridge/share/ament_index/resource_index/packages/mocap_px4_bridge
[0.274s] -- Up-to-date symlink: /home/lee/workspace/vrpn/install/mocap_px4_bridge/share/mocap_px4_bridge/cmake/mocap_px4_bridgeConfig.cmake
[0.274s] -- Up-to-date symlink: /home/lee/workspace/vrpn/install/mocap_px4_bridge/share/mocap_px4_bridge/cmake/mocap_px4_bridgeConfig-version.cmake
[0.274s] -- Up-to-date symlink: /home/lee/workspace/vrpn/install/mocap_px4_bridge/share/mocap_px4_bridge/package.xml
[0.275s] Invoked command in '/home/lee/workspace/vrpn/build/mocap_px4_bridge' returned '0': CMAKE_PREFIX_PATH=/home/lee/workspace/vrpn/install/px4_msgs:/home/lee/workspace/vrpn/install/vrpn_mocap:/home/lee/workspace/vrpn/install/mocap_px4_bridge:/home/lee/workspace/vrpn/install/mocap_optitrack:/home/lee/workspace/ros2_ex/install/sensor:/home/lee/workspace/ros2_ex/install/ground:/home/lee/workspace/ros2_ex/install/MAV1:/home/lee/workspace/ros2_ex/install/px4_msgs:/opt/ros/humble /usr/bin/cmake --install /home/lee/workspace/vrpn/build/mocap_px4_bridge
