[0.006s] Invoking command in '/home/lee/workspace/vrpn/build/mocap_px4_bridge': CMAKE_PREFIX_PATH=/home/lee/workspace/vrpn/install/px4_msgs:/home/lee/workspace/vrpn/install/vrpn_mocap:/home/lee/workspace/vrpn/install/mocap_px4_bridge:/home/lee/workspace/vrpn/install/mocap_optitrack:/home/lee/workspace/ros2_ex/install/sensor:/home/lee/workspace/ros2_ex/install/ground:/home/lee/workspace/ros2_ex/install/MAV1:/home/lee/workspace/ros2_ex/install/px4_msgs:/opt/ros/humble /usr/bin/cmake --build /home/lee/workspace/vrpn/build/mocap_px4_bridge -- -j32 -l32
[0.036s] [ 50%] [32mBuilding CXX object CMakeFiles/mocap_px4_bridge.dir/src/mocap_px4_bridge.cpp.o[0m
[3.495s] [100%] [32m[1mLinking CXX executable mocap_px4_bridge[0m
[3.667s] [100%] Built target mocap_px4_bridge
[3.674s] Invoked command in '/home/lee/workspace/vrpn/build/mocap_px4_bridge' returned '0': CMAKE_PREFIX_PATH=/home/lee/workspace/vrpn/install/px4_msgs:/home/lee/workspace/vrpn/install/vrpn_mocap:/home/lee/workspace/vrpn/install/mocap_px4_bridge:/home/lee/workspace/vrpn/install/mocap_optitrack:/home/lee/workspace/ros2_ex/install/sensor:/home/lee/workspace/ros2_ex/install/ground:/home/lee/workspace/ros2_ex/install/MAV1:/home/lee/workspace/ros2_ex/install/px4_msgs:/opt/ros/humble /usr/bin/cmake --build /home/lee/workspace/vrpn/build/mocap_px4_bridge -- -j32 -l32
[3.674s] Invoking command in '/home/lee/workspace/vrpn/build/mocap_px4_bridge': CMAKE_PREFIX_PATH=/home/lee/workspace/vrpn/install/px4_msgs:/home/lee/workspace/vrpn/install/vrpn_mocap:/home/lee/workspace/vrpn/install/mocap_px4_bridge:/home/lee/workspace/vrpn/install/mocap_optitrack:/home/lee/workspace/ros2_ex/install/sensor:/home/lee/workspace/ros2_ex/install/ground:/home/lee/workspace/ros2_ex/install/MAV1:/home/lee/workspace/ros2_ex/install/px4_msgs:/opt/ros/humble /usr/bin/cmake --install /home/lee/workspace/vrpn/build/mocap_px4_bridge
[3.679s] -- Install configuration: ""
[3.679s] -- Execute custom install script
[3.680s] -- Up-to-date symlink: /home/lee/workspace/vrpn/install/mocap_px4_bridge/lib/mocap_px4_bridge/mocap_px4_bridge
[3.680s] -- Up-to-date symlink: /home/lee/workspace/vrpn/install/mocap_px4_bridge/share/mocap_px4_bridge//launch/run.launch.py
[3.680s] -- Up-to-date symlink: /home/lee/workspace/vrpn/install/mocap_px4_bridge/share/mocap_px4_bridge//config/params.yaml
[3.680s] -- Up-to-date symlink: /home/lee/workspace/vrpn/install/mocap_px4_bridge/share/ament_index/resource_index/package_run_dependencies/mocap_px4_bridge
[3.680s] -- Up-to-date symlink: /home/lee/workspace/vrpn/install/mocap_px4_bridge/share/ament_index/resource_index/parent_prefix_path/mocap_px4_bridge
[3.680s] -- Up-to-date symlink: /home/lee/workspace/vrpn/install/mocap_px4_bridge/share/mocap_px4_bridge/environment/ament_prefix_path.sh
[3.680s] -- Up-to-date symlink: /home/lee/workspace/vrpn/install/mocap_px4_bridge/share/mocap_px4_bridge/environment/ament_prefix_path.dsv
[3.680s] -- Up-to-date symlink: /home/lee/workspace/vrpn/install/mocap_px4_bridge/share/mocap_px4_bridge/environment/path.sh
[3.681s] -- Up-to-date symlink: /home/lee/workspace/vrpn/install/mocap_px4_bridge/share/mocap_px4_bridge/environment/path.dsv
[3.681s] -- Up-to-date symlink: /home/lee/workspace/vrpn/install/mocap_px4_bridge/share/mocap_px4_bridge/local_setup.bash
[3.681s] -- Up-to-date symlink: /home/lee/workspace/vrpn/install/mocap_px4_bridge/share/mocap_px4_bridge/local_setup.sh
[3.681s] -- Up-to-date symlink: /home/lee/workspace/vrpn/install/mocap_px4_bridge/share/mocap_px4_bridge/local_setup.zsh
[3.681s] -- Up-to-date symlink: /home/lee/workspace/vrpn/install/mocap_px4_bridge/share/mocap_px4_bridge/local_setup.dsv
[3.681s] -- Symlinking: /home/lee/workspace/vrpn/install/mocap_px4_bridge/share/mocap_px4_bridge/package.dsv
[3.686s] -- Up-to-date symlink: /home/lee/workspace/vrpn/install/mocap_px4_bridge/share/ament_index/resource_index/packages/mocap_px4_bridge
[3.686s] -- Up-to-date symlink: /home/lee/workspace/vrpn/install/mocap_px4_bridge/share/mocap_px4_bridge/cmake/mocap_px4_bridgeConfig.cmake
[3.686s] -- Up-to-date symlink: /home/lee/workspace/vrpn/install/mocap_px4_bridge/share/mocap_px4_bridge/cmake/mocap_px4_bridgeConfig-version.cmake
[3.686s] -- Up-to-date symlink: /home/lee/workspace/vrpn/install/mocap_px4_bridge/share/mocap_px4_bridge/package.xml
[3.688s] Invoked command in '/home/lee/workspace/vrpn/build/mocap_px4_bridge' returned '0': CMAKE_PREFIX_PATH=/home/lee/workspace/vrpn/install/px4_msgs:/home/lee/workspace/vrpn/install/vrpn_mocap:/home/lee/workspace/vrpn/install/mocap_px4_bridge:/home/lee/workspace/vrpn/install/mocap_optitrack:/home/lee/workspace/ros2_ex/install/sensor:/home/lee/workspace/ros2_ex/install/ground:/home/lee/workspace/ros2_ex/install/MAV1:/home/lee/workspace/ros2_ex/install/px4_msgs:/opt/ros/humble /usr/bin/cmake --install /home/lee/workspace/vrpn/build/mocap_px4_bridge
