-- The C compiler identification is GNU 11.4.0
-- The CXX compiler identification is GNU 11.4.0
-- Detecting C compiler ABI info
-- Detecting C compiler ABI info - done
-- Check for working C compiler: /usr/bin/cc - skipped
-- Detecting C compile features
-- Detecting C compile features - done
-- Detecting CXX compiler ABI info
-- Detecting CXX compiler ABI info - done
-- Check for working CXX compiler: /usr/bin/c++ - skipped
-- Detecting CXX compile features
-- Detecting CXX compile features - done
-- Found ament_cmake: 1.3.11 (/opt/ros/humble/share/ament_cmake/cmake)
-- Found Python3: /usr/bin/python3 (found version "3.10.12") found components: Interpreter 
-- Override CMake install command with custom implementation using symlinks instead of copying resources
-- Found rclcpp: 16.0.12 (/opt/ros/humble/share/rclcpp/cmake)
-- Found rosidl_generator_c: 3.1.6 (/opt/ros/humble/share/rosidl_generator_c/cmake)
-- Found rosidl_adapter: 3.1.6 (/opt/ros/humble/share/rosidl_adapter/cmake)
-- Found rosidl_generator_cpp: 3.1.6 (/opt/ros/humble/share/rosidl_generator_cpp/cmake)
-- Using all available rosidl_typesupport_c: rosidl_typesupport_fastrtps_c;rosidl_typesupport_introspection_c
-- Using all available rosidl_typesupport_cpp: rosidl_typesupport_fastrtps_cpp;rosidl_typesupport_introspection_cpp
-- Found rmw_implementation_cmake: 6.1.2 (/opt/ros/humble/share/rmw_implementation_cmake/cmake)
-- Found rmw_fastrtps_cpp: 6.2.7 (/opt/ros/humble/share/rmw_fastrtps_cpp/cmake)
-- Found OpenSSL: /usr/lib/x86_64-linux-gnu/libcrypto.so (found version "3.0.2")  
-- Found FastRTPS: /opt/ros/humble/include  
-- Using RMW implementation 'rmw_fastrtps_cpp' as default
-- Looking for pthread.h
-- Looking for pthread.h - found
-- Performing Test CMAKE_HAVE_LIBC_PTHREAD
-- Performing Test CMAKE_HAVE_LIBC_PTHREAD - Success
-- Found Threads: TRUE  
-- Found tf2_ros: 0.25.12 (/opt/ros/humble/share/tf2_ros/cmake)
-- Found nav_msgs: 4.8.0 (/opt/ros/humble/share/nav_msgs/cmake)
-- Found ament_lint_auto: 0.12.12 (/opt/ros/humble/share/ament_lint_auto/cmake)
-- Added test 'cppcheck' to perform static code analysis on C / C++ code
-- Configured cppcheck include dirs: /home/lee/workspace/vrpn/vrpn2px4/src/mocap_optitrack/include
-- Configured cppcheck exclude dirs and/or files: 
-- Added test 'flake8' to check Python code syntax and style conventions
-- Added test 'lint_cmake' to check CMake code style
-- Added test 'pep257' to check Python code against some of the docstring style conventions in PEP 257
-- Added test 'xmllint' to check XML markup files
-- Configuring done
-- Generating done
-- Build files have been written to: /home/lee/workspace/vrpn/vrpn2px4/build/mocap_optitrack
[ 11%] [32mBuilding CXX object src/CMakeFiles/mocap_optitrack_mocap_node.dir/mocap_config.cpp.o[0m
[ 22%] [32mBuilding CXX object src/CMakeFiles/mocap_optitrack_mocap_node.dir/mocap_node.cpp.o[0m
[ 33%] [32mBuilding CXX object src/CMakeFiles/mocap_optitrack_mocap_node.dir/natnet/natnet_packet_definition.cpp.o[0m
[ 44%] [32mBuilding CXX object src/CMakeFiles/mocap_optitrack_mocap_node.dir/natnet/natnet_messages.cpp.o[0m
[ 55%] [32mBuilding CXX object src/CMakeFiles/mocap_optitrack_mocap_node.dir/socket.cpp.o[0m
[ 77%] [32mBuilding CXX object src/CMakeFiles/mocap_optitrack_mocap_node.dir/data_model.cpp.o[0m
[ 77%] [32mBuilding CXX object src/CMakeFiles/mocap_optitrack_mocap_node.dir/version.cpp.o[0m
[ 88%] [32mBuilding CXX object src/CMakeFiles/mocap_optitrack_mocap_node.dir/rigid_body_publisher.cpp.o[0m
[100%] [32m[1mLinking CXX executable mocap_node[0m
[100%] Built target mocap_optitrack_mocap_node
-- Install configuration: ""
-- Execute custom install script
-- Symlinking: /home/lee/workspace/vrpn/vrpn2px4/install/mocap_optitrack/lib/mocap_optitrack/mocap_node
-- Symlinking: /home/lee/workspace/vrpn/vrpn2px4/install/mocap_optitrack/share/mocap_optitrack//launch/mocap.launch.py
-- Symlinking: /home/lee/workspace/vrpn/vrpn2px4/install/mocap_optitrack/share/mocap_optitrack//config/mocap.yaml
-- Symlinking: /home/lee/workspace/vrpn/vrpn2px4/install/mocap_optitrack/share/ament_index/resource_index/package_run_dependencies/mocap_optitrack
-- Symlinking: /home/lee/workspace/vrpn/vrpn2px4/install/mocap_optitrack/share/ament_index/resource_index/parent_prefix_path/mocap_optitrack
-- Symlinking: /home/lee/workspace/vrpn/vrpn2px4/install/mocap_optitrack/share/mocap_optitrack/environment/ament_prefix_path.sh
-- Symlinking: /home/lee/workspace/vrpn/vrpn2px4/install/mocap_optitrack/share/mocap_optitrack/environment/ament_prefix_path.dsv
-- Symlinking: /home/lee/workspace/vrpn/vrpn2px4/install/mocap_optitrack/share/mocap_optitrack/environment/path.sh
-- Symlinking: /home/lee/workspace/vrpn/vrpn2px4/install/mocap_optitrack/share/mocap_optitrack/environment/path.dsv
-- Symlinking: /home/lee/workspace/vrpn/vrpn2px4/install/mocap_optitrack/share/mocap_optitrack/local_setup.bash
-- Symlinking: /home/lee/workspace/vrpn/vrpn2px4/install/mocap_optitrack/share/mocap_optitrack/local_setup.sh
-- Symlinking: /home/lee/workspace/vrpn/vrpn2px4/install/mocap_optitrack/share/mocap_optitrack/local_setup.zsh
-- Symlinking: /home/lee/workspace/vrpn/vrpn2px4/install/mocap_optitrack/share/mocap_optitrack/local_setup.dsv
-- Symlinking: /home/lee/workspace/vrpn/vrpn2px4/install/mocap_optitrack/share/mocap_optitrack/package.dsv
-- Symlinking: /home/lee/workspace/vrpn/vrpn2px4/install/mocap_optitrack/share/ament_index/resource_index/packages/mocap_optitrack
-- Symlinking: /home/lee/workspace/vrpn/vrpn2px4/install/mocap_optitrack/share/mocap_optitrack/cmake/mocap_optitrackConfig.cmake
-- Symlinking: /home/lee/workspace/vrpn/vrpn2px4/install/mocap_optitrack/share/mocap_optitrack/cmake/mocap_optitrackConfig-version.cmake
-- Symlinking: /home/lee/workspace/vrpn/vrpn2px4/install/mocap_optitrack/share/mocap_optitrack/package.xml
