[0.006s] Invoking command in '/home/lee/workspace/vrpn/build/mocap_optitrack': CMAKE_PREFIX_PATH=${CMAKE_PREFIX_PATH}:/opt/ros/humble /usr/bin/cmake /home/lee/workspace/vrpn/vrpn2px4/src/mocap_optitrack -DCMAKE_INSTALL_PREFIX=/home/lee/workspace/vrpn/install/mocap_optitrack
[0.013s] -- Found ament_cmake: 1.3.11 (/opt/ros/humble/share/ament_cmake/cmake)
[0.075s] -- Override CMake install command with custom implementation using symlinks instead of copying resources
[0.078s] -- Found rclcpp: 16.0.12 (/opt/ros/humble/share/rclcpp/cmake)
[0.091s] -- Found rosidl_generator_c: 3.1.6 (/opt/ros/humble/share/rosidl_generator_c/cmake)
[0.092s] -- Found rosidl_adapter: 3.1.6 (/opt/ros/humble/share/rosidl_adapter/cmake)
[0.094s] -- Found rosidl_generator_cpp: 3.1.6 (/opt/ros/humble/share/rosidl_generator_cpp/cmake)
[0.098s] -- Using all available rosidl_typesupport_c: rosidl_typesupport_fastrtps_c;rosidl_typesupport_introspection_c
[0.103s] -- Using all available rosidl_typesupport_cpp: rosidl_typesupport_fastrtps_cpp;rosidl_typesupport_introspection_cpp
[0.116s] -- Found rmw_implementation_cmake: 6.1.2 (/opt/ros/humble/share/rmw_implementation_cmake/cmake)
[0.117s] -- Found rmw_fastrtps_cpp: 6.2.7 (/opt/ros/humble/share/rmw_fastrtps_cpp/cmake)
[0.175s] -- Using RMW implementation 'rmw_fastrtps_cpp' as default
[0.196s] -- Found tf2_ros: 0.25.13 (/opt/ros/humble/share/tf2_ros/cmake)
[0.235s] -- Found nav_msgs: 4.9.0 (/opt/ros/humble/share/nav_msgs/cmake)
[0.244s] -- Found ament_lint_auto: 0.12.12 (/opt/ros/humble/share/ament_lint_auto/cmake)
[0.282s] -- Added test 'cppcheck' to perform static code analysis on C / C++ code
[0.282s] -- Configured cppcheck include dirs: /home/lee/workspace/vrpn/vrpn2px4/src/mocap_optitrack/include
[0.282s] -- Configured cppcheck exclude dirs and/or files: 
[0.282s] -- Added test 'flake8' to check Python code syntax and style conventions
[0.283s] -- Added test 'lint_cmake' to check CMake code style
[0.283s] -- Added test 'pep257' to check Python code against some of the docstring style conventions in PEP 257
[0.283s] -- Added test 'xmllint' to check XML markup files
[0.283s] -- Configuring done
[0.338s] -- Generating done
[0.344s] -- Build files have been written to: /home/lee/workspace/vrpn/build/mocap_optitrack
[0.349s] Invoked command in '/home/lee/workspace/vrpn/build/mocap_optitrack' returned '0': CMAKE_PREFIX_PATH=${CMAKE_PREFIX_PATH}:/opt/ros/humble /usr/bin/cmake /home/lee/workspace/vrpn/vrpn2px4/src/mocap_optitrack -DCMAKE_INSTALL_PREFIX=/home/lee/workspace/vrpn/install/mocap_optitrack
[0.350s] Invoking command in '/home/lee/workspace/vrpn/build/mocap_optitrack': CMAKE_PREFIX_PATH=${CMAKE_PREFIX_PATH}:/opt/ros/humble /usr/bin/cmake --build /home/lee/workspace/vrpn/build/mocap_optitrack -- -j32 -l32
[0.379s] [35m[1mConsolidate compiler generated dependencies of target mocap_optitrack_mocap_node[0m
[0.397s] [100%] Built target mocap_optitrack_mocap_node
[0.403s] Invoked command in '/home/lee/workspace/vrpn/build/mocap_optitrack' returned '0': CMAKE_PREFIX_PATH=${CMAKE_PREFIX_PATH}:/opt/ros/humble /usr/bin/cmake --build /home/lee/workspace/vrpn/build/mocap_optitrack -- -j32 -l32
[0.404s] Invoking command in '/home/lee/workspace/vrpn/build/mocap_optitrack': CMAKE_PREFIX_PATH=${CMAKE_PREFIX_PATH}:/opt/ros/humble /usr/bin/cmake --install /home/lee/workspace/vrpn/build/mocap_optitrack
[0.408s] -- Install configuration: ""
[0.409s] -- Execute custom install script
[0.409s] -- Up-to-date symlink: /home/lee/workspace/vrpn/install/mocap_optitrack/lib/mocap_optitrack/mocap_node
[0.409s] -- Up-to-date symlink: /home/lee/workspace/vrpn/install/mocap_optitrack/share/mocap_optitrack//launch/mocap.launch.py
[0.409s] -- Up-to-date symlink: /home/lee/workspace/vrpn/install/mocap_optitrack/share/mocap_optitrack//config/mocap.yaml
[0.409s] -- Up-to-date symlink: /home/lee/workspace/vrpn/install/mocap_optitrack/share/ament_index/resource_index/package_run_dependencies/mocap_optitrack
[0.409s] -- Up-to-date symlink: /home/lee/workspace/vrpn/install/mocap_optitrack/share/ament_index/resource_index/parent_prefix_path/mocap_optitrack
[0.410s] -- Up-to-date symlink: /home/lee/workspace/vrpn/install/mocap_optitrack/share/mocap_optitrack/environment/ament_prefix_path.sh
[0.410s] -- Up-to-date symlink: /home/lee/workspace/vrpn/install/mocap_optitrack/share/mocap_optitrack/environment/ament_prefix_path.dsv
[0.410s] -- Up-to-date symlink: /home/lee/workspace/vrpn/install/mocap_optitrack/share/mocap_optitrack/environment/path.sh
[0.410s] -- Up-to-date symlink: /home/lee/workspace/vrpn/install/mocap_optitrack/share/mocap_optitrack/environment/path.dsv
[0.410s] -- Up-to-date symlink: /home/lee/workspace/vrpn/install/mocap_optitrack/share/mocap_optitrack/local_setup.bash
[0.410s] -- Up-to-date symlink: /home/lee/workspace/vrpn/install/mocap_optitrack/share/mocap_optitrack/local_setup.sh
[0.410s] -- Up-to-date symlink: /home/lee/workspace/vrpn/install/mocap_optitrack/share/mocap_optitrack/local_setup.zsh
[0.410s] -- Up-to-date symlink: /home/lee/workspace/vrpn/install/mocap_optitrack/share/mocap_optitrack/local_setup.dsv
[0.410s] -- Symlinking: /home/lee/workspace/vrpn/install/mocap_optitrack/share/mocap_optitrack/package.dsv
[0.415s] -- Up-to-date symlink: /home/lee/workspace/vrpn/install/mocap_optitrack/share/ament_index/resource_index/packages/mocap_optitrack
[0.416s] -- Up-to-date symlink: /home/lee/workspace/vrpn/install/mocap_optitrack/share/mocap_optitrack/cmake/mocap_optitrackConfig.cmake
[0.416s] -- Up-to-date symlink: /home/lee/workspace/vrpn/install/mocap_optitrack/share/mocap_optitrack/cmake/mocap_optitrackConfig-version.cmake
[0.416s] -- Up-to-date symlink: /home/lee/workspace/vrpn/install/mocap_optitrack/share/mocap_optitrack/package.xml
[0.417s] Invoked command in '/home/lee/workspace/vrpn/build/mocap_optitrack' returned '0': CMAKE_PREFIX_PATH=${CMAKE_PREFIX_PATH}:/opt/ros/humble /usr/bin/cmake --install /home/lee/workspace/vrpn/build/mocap_optitrack
