[0.006s] Invoking command in '/home/lee/workspace/vrpn/vrpn2px4/build/mocap_px4_bridge': AMENT_PREFIX_PATH=/home/lee/workspace/vrpn/vrpn2px4/install/px4_msgs:${AMENT_PREFIX_PATH} CMAKE_PREFIX_PATH=/home/lee/workspace/vrpn/vrpn2px4/install/px4_msgs:/opt/ros/humble LD_LIBRARY_PATH=/home/lee/workspace/vrpn/vrpn2px4/install/px4_msgs/lib:${LD_LIBRARY_PATH} PYTHONPATH=/home/lee/workspace/vrpn/vrpn2px4/install/px4_msgs/local/lib/python3.10/dist-packages:${PYTHONPATH} /usr/bin/cmake /home/lee/workspace/vrpn/vrpn2px4/src/mocap_px4_bridge -DAMENT_CMAKE_SYMLINK_INSTALL=1 -DCMAKE_INSTALL_PREFIX=/home/lee/workspace/vrpn/vrpn2px4/install/mocap_px4_bridge
[0.036s] -- The C compiler identification is GNU 11.4.0
[0.064s] -- The CXX compiler identification is GNU 11.4.0
[0.068s] -- Detecting C compiler ABI info
[0.103s] -- Detecting C compiler ABI info - done
[0.107s] -- Check for working C compiler: /usr/bin/cc - skipped
[0.107s] -- Detecting C compile features
[0.108s] -- Detecting C compile features - done
[0.109s] -- Detecting CXX compiler ABI info
[0.148s] -- Detecting CXX compiler ABI info - done
[0.152s] -- Check for working CXX compiler: /usr/bin/c++ - skipped
[0.152s] -- Detecting CXX compile features
[0.152s] -- Detecting CXX compile features - done
[0.153s] -- Found ament_cmake: 1.3.11 (/opt/ros/humble/share/ament_cmake/cmake)
[0.322s] -- Found Python3: /usr/bin/python3 (found version "3.10.12") found components: Interpreter 
[0.357s] -- Override CMake install command with custom implementation using symlinks instead of copying resources
[0.368s] -- Found rclcpp: 16.0.12 (/opt/ros/humble/share/rclcpp/cmake)
[0.388s] -- Found rosidl_generator_c: 3.1.6 (/opt/ros/humble/share/rosidl_generator_c/cmake)
[0.390s] -- Found rosidl_adapter: 3.1.6 (/opt/ros/humble/share/rosidl_adapter/cmake)
[0.393s] -- Found rosidl_generator_cpp: 3.1.6 (/opt/ros/humble/share/rosidl_generator_cpp/cmake)
[0.398s] -- Using all available rosidl_typesupport_c: rosidl_typesupport_fastrtps_c;rosidl_typesupport_introspection_c
[0.404s] -- Using all available rosidl_typesupport_cpp: rosidl_typesupport_fastrtps_cpp;rosidl_typesupport_introspection_cpp
[0.422s] -- Found rmw_implementation_cmake: 6.1.2 (/opt/ros/humble/share/rmw_implementation_cmake/cmake)
[0.423s] -- Found rmw_fastrtps_cpp: 6.2.7 (/opt/ros/humble/share/rmw_fastrtps_cpp/cmake)
[0.467s] -- Found OpenSSL: /usr/lib/x86_64-linux-gnu/libcrypto.so (found version "3.0.2")  
[0.480s] -- Found FastRTPS: /opt/ros/humble/include  
[0.499s] -- Using RMW implementation 'rmw_fastrtps_cpp' as default
[0.502s] -- Looking for pthread.h
[0.539s] -- Looking for pthread.h - found
[0.539s] -- Performing Test CMAKE_HAVE_LIBC_PTHREAD
[0.577s] -- Performing Test CMAKE_HAVE_LIBC_PTHREAD - Success
[0.578s] -- Found Threads: TRUE  
[0.600s] -- Found px4_msgs: 2.0.1 (/home/lee/workspace/vrpn/vrpn2px4/install/px4_msgs/share/px4_msgs/cmake)
[0.605s] -- Found geometry_msgs: 4.8.0 (/opt/ros/humble/share/geometry_msgs/cmake)
[0.640s] -- Configuring done
[0.643s] -- Generating done
[0.645s] -- Build files have been written to: /home/lee/workspace/vrpn/vrpn2px4/build/mocap_px4_bridge
[0.649s] Invoked command in '/home/lee/workspace/vrpn/vrpn2px4/build/mocap_px4_bridge' returned '0': AMENT_PREFIX_PATH=/home/lee/workspace/vrpn/vrpn2px4/install/px4_msgs:${AMENT_PREFIX_PATH} CMAKE_PREFIX_PATH=/home/lee/workspace/vrpn/vrpn2px4/install/px4_msgs:/opt/ros/humble LD_LIBRARY_PATH=/home/lee/workspace/vrpn/vrpn2px4/install/px4_msgs/lib:${LD_LIBRARY_PATH} PYTHONPATH=/home/lee/workspace/vrpn/vrpn2px4/install/px4_msgs/local/lib/python3.10/dist-packages:${PYTHONPATH} /usr/bin/cmake /home/lee/workspace/vrpn/vrpn2px4/src/mocap_px4_bridge -DAMENT_CMAKE_SYMLINK_INSTALL=1 -DCMAKE_INSTALL_PREFIX=/home/lee/workspace/vrpn/vrpn2px4/install/mocap_px4_bridge
[0.650s] Invoking command in '/home/lee/workspace/vrpn/vrpn2px4/build/mocap_px4_bridge': AMENT_PREFIX_PATH=/home/lee/workspace/vrpn/vrpn2px4/install/px4_msgs:${AMENT_PREFIX_PATH} CMAKE_PREFIX_PATH=/home/lee/workspace/vrpn/vrpn2px4/install/px4_msgs:/opt/ros/humble LD_LIBRARY_PATH=/home/lee/workspace/vrpn/vrpn2px4/install/px4_msgs/lib:${LD_LIBRARY_PATH} PYTHONPATH=/home/lee/workspace/vrpn/vrpn2px4/install/px4_msgs/local/lib/python3.10/dist-packages:${PYTHONPATH} /usr/bin/cmake --build /home/lee/workspace/vrpn/vrpn2px4/build/mocap_px4_bridge -- -j32 -l32
[0.678s] [ 50%] [32mBuilding CXX object CMakeFiles/mocap_px4_bridge.dir/src/mocap_px4_bridge.cpp.o[0m
[4.118s] [100%] [32m[1mLinking CXX executable mocap_px4_bridge[0m
[4.296s] [100%] Built target mocap_px4_bridge
[4.303s] Invoked command in '/home/lee/workspace/vrpn/vrpn2px4/build/mocap_px4_bridge' returned '0': AMENT_PREFIX_PATH=/home/lee/workspace/vrpn/vrpn2px4/install/px4_msgs:${AMENT_PREFIX_PATH} CMAKE_PREFIX_PATH=/home/lee/workspace/vrpn/vrpn2px4/install/px4_msgs:/opt/ros/humble LD_LIBRARY_PATH=/home/lee/workspace/vrpn/vrpn2px4/install/px4_msgs/lib:${LD_LIBRARY_PATH} PYTHONPATH=/home/lee/workspace/vrpn/vrpn2px4/install/px4_msgs/local/lib/python3.10/dist-packages:${PYTHONPATH} /usr/bin/cmake --build /home/lee/workspace/vrpn/vrpn2px4/build/mocap_px4_bridge -- -j32 -l32
[4.304s] Invoking command in '/home/lee/workspace/vrpn/vrpn2px4/build/mocap_px4_bridge': AMENT_PREFIX_PATH=/home/lee/workspace/vrpn/vrpn2px4/install/px4_msgs:${AMENT_PREFIX_PATH} CMAKE_PREFIX_PATH=/home/lee/workspace/vrpn/vrpn2px4/install/px4_msgs:/opt/ros/humble LD_LIBRARY_PATH=/home/lee/workspace/vrpn/vrpn2px4/install/px4_msgs/lib:${LD_LIBRARY_PATH} PYTHONPATH=/home/lee/workspace/vrpn/vrpn2px4/install/px4_msgs/local/lib/python3.10/dist-packages:${PYTHONPATH} /usr/bin/cmake --install /home/lee/workspace/vrpn/vrpn2px4/build/mocap_px4_bridge
[4.308s] -- Install configuration: ""
[4.308s] -- Execute custom install script
[4.309s] -- Symlinking: /home/lee/workspace/vrpn/vrpn2px4/install/mocap_px4_bridge/lib/mocap_px4_bridge/mocap_px4_bridge
[4.314s] -- Symlinking: /home/lee/workspace/vrpn/vrpn2px4/install/mocap_px4_bridge/share/mocap_px4_bridge//launch/run.launch.py
[4.319s] -- Symlinking: /home/lee/workspace/vrpn/vrpn2px4/install/mocap_px4_bridge/share/mocap_px4_bridge//config/params.yaml
[4.324s] -- Symlinking: /home/lee/workspace/vrpn/vrpn2px4/install/mocap_px4_bridge/share/ament_index/resource_index/package_run_dependencies/mocap_px4_bridge
[4.328s] -- Symlinking: /home/lee/workspace/vrpn/vrpn2px4/install/mocap_px4_bridge/share/ament_index/resource_index/parent_prefix_path/mocap_px4_bridge
[4.332s] -- Symlinking: /home/lee/workspace/vrpn/vrpn2px4/install/mocap_px4_bridge/share/mocap_px4_bridge/environment/ament_prefix_path.sh
[4.337s] -- Symlinking: /home/lee/workspace/vrpn/vrpn2px4/install/mocap_px4_bridge/share/mocap_px4_bridge/environment/ament_prefix_path.dsv
[4.342s] -- Symlinking: /home/lee/workspace/vrpn/vrpn2px4/install/mocap_px4_bridge/share/mocap_px4_bridge/environment/path.sh
[4.347s] -- Symlinking: /home/lee/workspace/vrpn/vrpn2px4/install/mocap_px4_bridge/share/mocap_px4_bridge/environment/path.dsv
[4.352s] -- Symlinking: /home/lee/workspace/vrpn/vrpn2px4/install/mocap_px4_bridge/share/mocap_px4_bridge/local_setup.bash
[4.356s] -- Symlinking: /home/lee/workspace/vrpn/vrpn2px4/install/mocap_px4_bridge/share/mocap_px4_bridge/local_setup.sh
[4.360s] -- Symlinking: /home/lee/workspace/vrpn/vrpn2px4/install/mocap_px4_bridge/share/mocap_px4_bridge/local_setup.zsh
[4.365s] -- Symlinking: /home/lee/workspace/vrpn/vrpn2px4/install/mocap_px4_bridge/share/mocap_px4_bridge/local_setup.dsv
[4.369s] -- Symlinking: /home/lee/workspace/vrpn/vrpn2px4/install/mocap_px4_bridge/share/mocap_px4_bridge/package.dsv
[4.375s] -- Symlinking: /home/lee/workspace/vrpn/vrpn2px4/install/mocap_px4_bridge/share/ament_index/resource_index/packages/mocap_px4_bridge
[4.380s] -- Symlinking: /home/lee/workspace/vrpn/vrpn2px4/install/mocap_px4_bridge/share/mocap_px4_bridge/cmake/mocap_px4_bridgeConfig.cmake
[4.384s] -- Symlinking: /home/lee/workspace/vrpn/vrpn2px4/install/mocap_px4_bridge/share/mocap_px4_bridge/cmake/mocap_px4_bridgeConfig-version.cmake
[4.388s] -- Symlinking: /home/lee/workspace/vrpn/vrpn2px4/install/mocap_px4_bridge/share/mocap_px4_bridge/package.xml
[4.393s] Invoked command in '/home/lee/workspace/vrpn/vrpn2px4/build/mocap_px4_bridge' returned '0': AMENT_PREFIX_PATH=/home/lee/workspace/vrpn/vrpn2px4/install/px4_msgs:${AMENT_PREFIX_PATH} CMAKE_PREFIX_PATH=/home/lee/workspace/vrpn/vrpn2px4/install/px4_msgs:/opt/ros/humble LD_LIBRARY_PATH=/home/lee/workspace/vrpn/vrpn2px4/install/px4_msgs/lib:${LD_LIBRARY_PATH} PYTHONPATH=/home/lee/workspace/vrpn/vrpn2px4/install/px4_msgs/local/lib/python3.10/dist-packages:${PYTHONPATH} /usr/bin/cmake --install /home/lee/workspace/vrpn/vrpn2px4/build/mocap_px4_bridge
